98.05.21 15:59 B D:\NMRWeb\myweb\0030.jpg --> ftp.nmia.com /home1/fukusima/public_html 0030.jpg
98.05.21 16:00 B D:\NMRWeb\myweb\340.html --> ftp.nmia.com /home1/fukusima/public_html 340.html
98.05.21 16:00 B D:\NMRWeb\myweb\340a.gif --> ftp.nmia.com /home1/fukusima/public_html 340a.gif
98.05.21 16:00 B D:\NMRWeb\myweb\340b.gif --> ftp.nmia.com /home1/fukusima/public_html 340b.gif
98.05.21 16:00 B D:\NMRWeb\myweb\346.htm --> ftp.nmia.com /home1/fukusima/public_html 346.htm
98.05.21 16:00 B D:\NMRWeb\myweb\acoma25.gif --> ftp.nmia.com /home1/fukusima/public_html acoma25.gif
98.05.21 16:00 B D:\NMRWeb\myweb\acoma47b.gif --> ftp.nmia.com /home1/fukusima/public_html acoma47b.gif
98.05.21 16:00 B D:\NMRWeb\myweb\arvind.htm --> ftp.nmia.com /home1/fukusima/public_html arvind.htm
98.05.21 16:03 B D:\NMRWeb\myweb\0030.jpg --> ftp.nmia.com /home1/fukusima/public_html 0030.jpg
98.05.21 16:03 B D:\NMRWeb\myweb\340.html --> ftp.nmia.com /home1/fukusima/public_html 340.html
98.05.21 16:03 B D:\NMRWeb\myweb\340a.gif --> ftp.nmia.com /home1/fukusima/public_html 340a.gif
98.05.21 16:03 B D:\NMRWeb\myweb\340b.gif --> ftp.nmia.com /home1/fukusima/public_html 340b.gif
98.05.21 16:03 B D:\NMRWeb\myweb\346.htm --> ftp.nmia.com /home1/fukusima/public_html 346.htm
98.05.21 16:03 B D:\NMRWeb\myweb\acoma25.gif --> ftp.nmia.com /home1/fukusima/public_html acoma25.gif
98.05.21 16:04 B D:\NMRWeb\myweb\acoma47b.gif --> ftp.nmia.com /home1/fukusima/public_html acoma47b.gif
98.05.21 16:07 B D:\NMRWeb\myweb\arvind.jpg --> ftp.nmia.com /home1/fukusima/public_html arvind.jpg
98.05.21 16:08 B D:\NMRWeb\myweb\back.gif --> ftp.nmia.com /home1/fukusima/public_html back.gif
98.05.21 16:08 B D:\NMRWeb\myweb\backfun.jpg --> ftp.nmia.com /home1/fukusima/public_html backfun.jpg
98.05.21 16:08 B D:\NMRWeb\myweb\bag1.jpg --> ftp.nmia.com /home1/fukusima/public_html bag1.jpg
98.05.21 16:08 B D:\NMRWeb\myweb\button.gif --> ftp.nmia.com /home1/fukusima/public_html button.gif
98.05.21 16:08 B D:\NMRWeb\myweb\bwave.GIF --> ftp.nmia.com /home1/fukusima/public_html bwave.GIF
98.05.21 16:09 B D:\NMRWeb\myweb\cactus.jpg --> ftp.nmia.com /home1/fukusima/public_html cactus.jpg
98.05.21 16:09 B D:\NMRWeb\myweb\cactustest..gif --> ftp.nmia.com /home1/fukusima/public_html cactustest..gif
98.05.21 16:10 B D:\NMRWeb\myweb\chilis_a.gif --> ftp.nmia.com /home1/fukusima/public_html chilis_a.gif
98.05.21 16:10 B D:\NMRWeb\myweb\comments.html --> ftp.nmia.com /home1/fukusima/public_html comments.html
98.05.21 16:10 B D:\NMRWeb\myweb\eiichi.htm --> ftp.nmia.com /home1/fukusima/public_html eiichi.htm
98.05.21 16:10 B D:\NMRWeb\myweb\eiichi.jpg --> ftp.nmia.com /home1/fukusima/public_html eiichi.jpg
98.05.21 16:10 B D:\NMRWeb\myweb\fakefog.gif --> ftp.nmia.com /home1/fukusima/public_html fakefog.gif
98.05.21 16:10 B D:\NMRWeb\myweb\grou797.jpg --> ftp.nmia.com /home1/fukusima/public_html grou797.jpg
98.05.21 16:10 B D:\NMRWeb\myweb\group124.jpg --> ftp.nmia.com /home1/fukusima/public_html group124.jpg
98.05.21 16:13 B D:\NMRWeb\myweb\hane_a.gif --> ftp.nmia.com /home1/fukusima/public_html hane_a.gif
98.05.21 16:14 B D:\NMRWeb\myweb\hello.gif --> ftp.nmia.com /home1/fukusima/public_html hello.gif
98.05.21 16:14 B D:\NMRWeb\myweb\home.htm --> ftp.nmia.com /home1/fukusima/public_html home.htm
98.05.21 16:14 B D:\NMRWeb\myweb\index.htm --> ftp.nmia.com /home1/fukusima/public_html index.htm
98.05.21 16:14 B D:\NMRWeb\myweb\joe.html --> ftp.nmia.com /home1/fukusima/public_html joe.html
98.05.21 16:14 B D:\NMRWeb\myweb\joe1.jpg --> ftp.nmia.com /home1/fukusima/public_html joe1.jpg
98.05.21 16:14 B D:\NMRWeb\myweb\journal.htm --> ftp.nmia.com /home1/fukusima/public_html journal.htm
98.05.21 16:14 B D:\NMRWeb\myweb\kendra.htm --> ftp.nmia.com /home1/fukusima/public_html kendra.htm
98.05.21 16:14 B D:\NMRWeb\myweb\kendra04.jpg --> ftp.nmia.com /home1/fukusima/public_html kendra04.jpg
98.05.21 16:14 B D:\NMRWeb\myweb\line_a.gif --> ftp.nmia.com /home1/fukusima/public_html line_a.gif
98.05.21 16:14 B D:\NMRWeb\myweb\links.html --> ftp.nmia.com /home1/fukusima/public_html links.html
98.05.21 16:14 B D:\NMRWeb\myweb\magnet2a.jpg --> ftp.nmia.com /home1/fukusima/public_html magnet2a.jpg
98.05.21 16:14 B D:\NMRWeb\myweb\menu.htm --> ftp.nmia.com /home1/fukusima/public_html menu.htm
98.05.21 16:14 B D:\NMRWeb\myweb\mission.html --> ftp.nmia.com /home1/fukusima/public_html mission.html
98.05.21 16:14 B D:\NMRWeb\myweb\new.gif --> ftp.nmia.com /home1/fukusima/public_html new.gif
98.05.21 16:14 B D:\NMRWeb\myweb\newsletter.htm --> ftp.nmia.com /home1/fukusima/public_html newsletter.htm
98.05.21 16:15 B D:\NMRWeb\myweb\nmr1.jpg --> ftp.nmia.com /home1/fukusima/public_html nmr1.jpg
98.05.21 16:15 B D:\NMRWeb\myweb\nmrlogo.gif --> ftp.nmia.com /home1/fukusima/public_html nmrlogo.gif
98.05.21 16:15 B D:\NMRWeb\myweb\nmrlogo1.gif --> ftp.nmia.com /home1/fukusima/public_html nmrlogo1.gif
98.05.21 16:15 B D:\NMRWeb\myweb\nmrpeople.htm --> ftp.nmia.com /home1/fukusima/public_html nmrpeople.htm
98.05.21 16:15 B D:\NMRWeb\myweb\page21.htm --> ftp.nmia.com /home1/fukusima/public_html page21.htm
98.05.21 16:15 B D:\NMRWeb\myweb\presentations.htm --> ftp.nmia.com /home1/fukusima/public_html presentations.htm
98.05.21 16:15 B D:\NMRWeb\myweb\PUBLICATION.GIF --> ftp.nmia.com /home1/fukusima/public_html PUBLICATION.GIF
98.05.21 16:15 B D:\NMRWeb\myweb\publications.html --> ftp.nmia.com /home1/fukusima/public_html publications.html
98.05.21 16:15 B D:\NMRWeb\myweb\secret.html --> ftp.nmia.com /home1/fukusima/public_html secret.html
98.05.21 16:15 B D:\NMRWeb\myweb\static.gif --> ftp.nmia.com /home1/fukusima/public_html static.gif
98.05.21 16:15 B D:\NMRWeb\myweb\steve.htm --> ftp.nmia.com /home1/fukusima/public_html steve.htm
98.05.21 16:15 B D:\NMRWeb\myweb\steve.jpg --> ftp.nmia.com /home1/fukusima/public_html steve.jpg
98.05.21 16:16 B D:\NMRWeb\myweb\talks.htm --> ftp.nmia.com /home1/fukusima/public_html talks.htm
98.05.21 16:23 B D:\NMRWeb\myweb\menu.htm --> ftp.nmia.com /home1/fukusima/public_html menu.htm
98.05.21 16:27 B D:\NMRWeb\myweb\menu.htm --> ftp.nmia.com /home1/fukusima/public_html menu.htm
98.12.23 10:48 B D:\NMRWeb\myweb\0030.jpg --> lin.lrri.org /home/nmrweb/websit 0030.jpg
98.12.23 10:48 B D:\NMRWeb\myweb\340.html --> lin.lrri.org /home/nmrweb/websit 340.html
98.12.23 10:48 B D:\NMRWeb\myweb\340a.gif --> lin.lrri.org /home/nmrweb/websit 340a.gif
98.12.23 10:48 B D:\NMRWeb\myweb\340b.gif --> lin.lrri.org /home/nmrweb/websit 340b.gif
98.12.23 10:48 B D:\NMRWeb\myweb\346.htm --> lin.lrri.org /home/nmrweb/websit 346.htm
98.12.23 10:48 B D:\NMRWeb\myweb\acoma25.gif --> lin.lrri.org /home/nmrweb/websit acoma25.gif
98.12.23 10:48 B D:\NMRWeb\myweb\acoma47b.gif --> lin.lrri.org /home/nmrweb/websit acoma47b.gif
98.12.23 10:48 B D:\NMRWeb\myweb\arvind.htm --> lin.lrri.org /home/nmrweb/websit arvind.htm
98.12.23 10:48 B D:\NMRWeb\myweb\arvind.jpg --> lin.lrri.org /home/nmrweb/websit arvind.jpg
98.12.23 10:48 B D:\NMRWeb\myweb\back.gif --> lin.lrri.org /home/nmrweb/websit back.gif
98.12.23 10:48 B D:\NMRWeb\myweb\backfun.jpg --> lin.lrri.org /home/nmrweb/websit backfun.jpg
98.12.23 10:48 B D:\NMRWeb\myweb\bag1.jpg --> lin.lrri.org /home/nmrweb/websit bag1.jpg
98.12.23 10:48 B D:\NMRWeb\myweb\button.gif --> lin.lrri.org /home/nmrweb/websit button.gif
98.12.23 10:48 B D:\NMRWeb\myweb\bwave.GIF --> lin.lrri.org /home/nmrweb/websit bwave.GIF
98.12.23 10:48 B D:\NMRWeb\myweb\cactus.jpg --> lin.lrri.org /home/nmrweb/websit cactus.jpg
98.12.23 10:48 B D:\NMRWeb\myweb\cactustest..gif --> lin.lrri.org /home/nmrweb/websit cactustest..gif
98.12.23 10:48 B D:\NMRWeb\myweb\chilis_a.gif --> lin.lrri.org /home/nmrweb/websit chilis_a.gif
98.12.23 10:48 B D:\NMRWeb\myweb\comments.html --> lin.lrri.org /home/nmrweb/websit comments.html
98.12.23 10:48 B D:\NMRWeb\myweb\eiichi.htm --> lin.lrri.org /home/nmrweb/websit eiichi.htm
98.12.23 10:48 B D:\NMRWeb\myweb\eiichi.jpg --> lin.lrri.org /home/nmrweb/websit eiichi.jpg
98.12.23 10:48 B D:\NMRWeb\myweb\fakefog.gif --> lin.lrri.org /home/nmrweb/websit fakefog.gif
98.12.23 10:48 B D:\NMRWeb\myweb\grou797.jpg --> lin.lrri.org /home/nmrweb/websit grou797.jpg
98.12.23 10:48 B D:\NMRWeb\myweb\group124.jpg --> lin.lrri.org /home/nmrweb/websit group124.jpg
98.12.23 10:49 B D:\NMRWeb\myweb\GUESTBOOK.GIF --> lin.lrri.org /home/nmrweb/websit GUESTBOOK.GIF
98.12.23 10:49 B D:\NMRWeb\myweb\hane_a.gif --> lin.lrri.org /home/nmrweb/websit hane_a.gif
98.12.23 10:49 B D:\NMRWeb\myweb\hello.gif --> lin.lrri.org /home/nmrweb/websit hello.gif
98.12.23 10:49 B D:\NMRWeb\myweb\home.htm --> lin.lrri.org /home/nmrweb/websit home.htm
98.12.23 10:49 B D:\NMRWeb\myweb\index.htm --> lin.lrri.org /home/nmrweb/websit index.htm
98.12.23 10:49 B D:\NMRWeb\myweb\joe.html --> lin.lrri.org /home/nmrweb/websit joe.html
98.12.23 10:49 B D:\NMRWeb\myweb\joe1.jpg --> lin.lrri.org /home/nmrweb/websit joe1.jpg
98.12.23 10:49 B D:\NMRWeb\myweb\journal.htm --> lin.lrri.org /home/nmrweb/websit journal.htm
98.12.23 10:49 B D:\NMRWeb\myweb\kendra.htm --> lin.lrri.org /home/nmrweb/websit kendra.htm
98.12.23 10:49 B D:\NMRWeb\myweb\kendra04.jpg --> lin.lrri.org /home/nmrweb/websit kendra04.jpg
98.12.23 10:49 B D:\NMRWeb\myweb\line_a.gif --> lin.lrri.org /home/nmrweb/websit line_a.gif
98.12.23 10:49 B D:\NMRWeb\myweb\links.html --> lin.lrri.org /home/nmrweb/websit links.html
98.12.23 10:49 B D:\NMRWeb\myweb\magnet2a.jpg --> lin.lrri.org /home/nmrweb/websit magnet2a.jpg
98.12.23 10:49 B D:\NMRWeb\myweb\menu.htm --> lin.lrri.org /home/nmrweb/websit menu.htm
98.12.23 10:49 B D:\NMRWeb\myweb\mission.html --> lin.lrri.org /home/nmrweb/websit mission.html
98.12.23 10:49 B D:\NMRWeb\myweb\new.gif --> lin.lrri.org /home/nmrweb/websit new.gif
98.12.23 10:49 B D:\NMRWeb\myweb\newsletter.htm --> lin.lrri.org /home/nmrweb/websit newsletter.htm
98.12.23 10:49 B D:\NMRWeb\myweb\nmr1.jpg --> lin.lrri.org /home/nmrweb/websit nmr1.jpg
98.12.23 10:49 B D:\NMRWeb\myweb\nmrlogo.gif --> lin.lrri.org /home/nmrweb/websit nmrlogo.gif
98.12.23 10:49 B D:\NMRWeb\myweb\nmrlogo1.gif --> lin.lrri.org /home/nmrweb/websit nmrlogo1.gif
98.12.23 10:49 B D:\NMRWeb\myweb\nmrpeople.htm --> lin.lrri.org /home/nmrweb/websit nmrpeople.htm
98.12.23 10:49 B D:\NMRWeb\myweb\page21.htm --> lin.lrri.org /home/nmrweb/websit page21.htm
98.12.23 10:49 B D:\NMRWeb\myweb\presentations.htm --> lin.lrri.org /home/nmrweb/websit presentations.htm
98.12.23 10:49 B D:\NMRWeb\myweb\PUBLICATION.GIF --> lin.lrri.org /home/nmrweb/websit PUBLICATION.GIF
98.12.23 10:49 B D:\NMRWeb\myweb\publications.html --> lin.lrri.org /home/nmrweb/websit publications.html
98.12.23 10:49 B D:\NMRWeb\myweb\secret.html --> lin.lrri.org /home/nmrweb/websit secret.html
98.12.23 10:49 B D:\NMRWeb\myweb\static.gif --> lin.lrri.org /home/nmrweb/websit static.gif
98.12.23 10:49 B D:\NMRWeb\myweb\steve.htm --> lin.lrri.org /home/nmrweb/websit steve.htm
98.12.23 10:49 B D:\NMRWeb\myweb\steve.jpg --> lin.lrri.org /home/nmrweb/websit steve.jpg
98.12.23 10:49 B D:\NMRWeb\myweb\talks.htm --> lin.lrri.org /home/nmrweb/websit talks.htm
99.01.04 16:51 B D:\NMRWeb\myweb\0030.jpg --> lin.lrri.org /home/webmaster/nmrweb 0030.jpg
99.01.04 16:51 B D:\NMRWeb\myweb\340.html --> lin.lrri.org /home/webmaster/nmrweb 340.html
99.01.04 16:51 B D:\NMRWeb\myweb\340a.gif --> lin.lrri.org /home/webmaster/nmrweb 340a.gif
99.01.04 16:51 B D:\NMRWeb\myweb\340b.gif --> lin.lrri.org /home/webmaster/nmrweb 340b.gif
99.01.04 16:51 B D:\NMRWeb\myweb\346.htm --> lin.lrri.org /home/webmaster/nmrweb 346.htm
99.01.04 16:51 B D:\NMRWeb\myweb\acoma25.gif --> lin.lrri.org /home/webmaster/nmrweb acoma25.gif
99.01.04 16:51 B D:\NMRWeb\myweb\acoma47b.gif --> lin.lrri.org /home/webmaster/nmrweb acoma47b.gif
99.01.04 16:51 B D:\NMRWeb\myweb\arvind.htm --> lin.lrri.org /home/webmaster/nmrweb arvind.htm
99.01.04 16:51 B D:\NMRWeb\myweb\arvind.jpg --> lin.lrri.org /home/webmaster/nmrweb arvind.jpg
99.01.04 16:51 B D:\NMRWeb\myweb\back.gif --> lin.lrri.org /home/webmaster/nmrweb back.gif
99.01.04 16:51 B D:\NMRWeb\myweb\backfun.jpg --> lin.lrri.org /home/webmaster/nmrweb backfun.jpg
99.01.04 16:51 B D:\NMRWeb\myweb\bag1.jpg --> lin.lrri.org /home/webmaster/nmrweb bag1.jpg
99.01.04 16:51 B D:\NMRWeb\myweb\button.gif --> lin.lrri.org /home/webmaster/nmrweb button.gif
99.01.04 16:51 B D:\NMRWeb\myweb\bwave.GIF --> lin.lrri.org /home/webmaster/nmrweb bwave.GIF
99.01.04 16:51 B D:\NMRWeb\myweb\cactus.jpg --> lin.lrri.org /home/webmaster/nmrweb cactus.jpg
99.01.04 16:51 B D:\NMRWeb\myweb\cactustest..gif --> lin.lrri.org /home/webmaster/nmrweb cactustest..gif
99.01.04 16:51 B D:\NMRWeb\myweb\chilis_a.gif --> lin.lrri.org /home/webmaster/nmrweb chilis_a.gif
99.01.04 16:51 B D:\NMRWeb\myweb\comments.html --> lin.lrri.org /home/webmaster/nmrweb comments.html
99.01.04 16:51 B D:\NMRWeb\myweb\eiichi.htm --> lin.lrri.org /home/webmaster/nmrweb eiichi.htm
99.01.04 16:51 B D:\NMRWeb\myweb\eiichi.jpg --> lin.lrri.org /home/webmaster/nmrweb eiichi.jpg
99.01.04 16:51 B D:\NMRWeb\myweb\fakefog.gif --> lin.lrri.org /home/webmaster/nmrweb fakefog.gif
99.01.04 16:51 B D:\NMRWeb\myweb\grou797.jpg --> lin.lrri.org /home/webmaster/nmrweb grou797.jpg
99.01.04 16:51 B D:\NMRWeb\myweb\group124.jpg --> lin.lrri.org /home/webmaster/nmrweb group124.jpg
99.01.04 16:51 B D:\NMRWeb\myweb\GUESTBOOK.GIF --> lin.lrri.org /home/webmaster/nmrweb GUESTBOOK.GIF
99.01.04 16:51 B D:\NMRWeb\myweb\hane_a.gif --> lin.lrri.org /home/webmaster/nmrweb hane_a.gif
99.01.04 16:51 B D:\NMRWeb\myweb\hello.gif --> lin.lrri.org /home/webmaster/nmrweb hello.gif
99.01.04 16:51 B D:\NMRWeb\myweb\home.htm --> lin.lrri.org /home/webmaster/nmrweb home.htm
99.01.04 16:51 B D:\NMRWeb\myweb\index.htm --> lin.lrri.org /home/webmaster/nmrweb index.htm
99.01.04 16:51 B D:\NMRWeb\myweb\joe.html --> lin.lrri.org /home/webmaster/nmrweb joe.html
99.01.04 16:51 B D:\NMRWeb\myweb\joe1.jpg --> lin.lrri.org /home/webmaster/nmrweb joe1.jpg
99.01.04 16:51 B D:\NMRWeb\myweb\journal.htm --> lin.lrri.org /home/webmaster/nmrweb journal.htm
99.01.04 16:51 B D:\NMRWeb\myweb\kendra.htm --> lin.lrri.org /home/webmaster/nmrweb kendra.htm
99.01.04 16:51 B D:\NMRWeb\myweb\kendra04.jpg --> lin.lrri.org /home/webmaster/nmrweb kendra04.jpg
99.01.04 16:51 B D:\NMRWeb\myweb\line_a.gif --> lin.lrri.org /home/webmaster/nmrweb line_a.gif
99.01.04 16:51 B D:\NMRWeb\myweb\links.html --> lin.lrri.org /home/webmaster/nmrweb links.html
99.01.04 16:51 B D:\NMRWeb\myweb\magnet2a.jpg --> lin.lrri.org /home/webmaster/nmrweb magnet2a.jpg
99.01.04 16:51 B D:\NMRWeb\myweb\menu.htm --> lin.lrri.org /home/webmaster/nmrweb menu.htm
99.01.04 16:51 B D:\NMRWeb\myweb\mission.html --> lin.lrri.org /home/webmaster/nmrweb mission.html
99.01.04 16:51 B D:\NMRWeb\myweb\new.gif --> lin.lrri.org /home/webmaster/nmrweb new.gif
99.01.04 16:51 B D:\NMRWeb\myweb\newsletter.htm --> lin.lrri.org /home/webmaster/nmrweb newsletter.htm
99.01.04 16:51 B D:\NMRWeb\myweb\nmr1.jpg --> lin.lrri.org /home/webmaster/nmrweb nmr1.jpg
99.01.04 16:51 B D:\NMRWeb\myweb\nmrlogo.gif --> lin.lrri.org /home/webmaster/nmrweb nmrlogo.gif
99.01.04 16:51 B D:\NMRWeb\myweb\nmrlogo1.gif --> lin.lrri.org /home/webmaster/nmrweb nmrlogo1.gif
99.01.04 16:51 B D:\NMRWeb\myweb\nmrpeople.htm --> lin.lrri.org /home/webmaster/nmrweb nmrpeople.htm
99.01.04 16:51 B D:\NMRWeb\myweb\page21.htm --> lin.lrri.org /home/webmaster/nmrweb page21.htm
99.01.04 16:51 B D:\NMRWeb\myweb\presentations.htm --> lin.lrri.org /home/webmaster/nmrweb presentations.htm
99.01.04 16:51 B D:\NMRWeb\myweb\PUBLICATION.GIF --> lin.lrri.org /home/webmaster/nmrweb PUBLICATION.GIF
99.01.04 16:51 B D:\NMRWeb\myweb\publications.html --> lin.lrri.org /home/webmaster/nmrweb publications.html
99.01.04 16:51 B D:\NMRWeb\myweb\secret.html --> lin.lrri.org /home/webmaster/nmrweb secret.html
99.01.04 16:51 B D:\NMRWeb\myweb\static.gif --> lin.lrri.org /home/webmaster/nmrweb static.gif
99.01.04 16:51 B D:\NMRWeb\myweb\steve.htm --> lin.lrri.org /home/webmaster/nmrweb steve.htm
99.01.04 16:51 B D:\NMRWeb\myweb\steve.jpg --> lin.lrri.org /home/webmaster/nmrweb steve.jpg
99.01.04 16:51 B D:\NMRWeb\myweb\talks.htm --> lin.lrri.org /home/webmaster/nmrweb talks.htm
99.04.29 10:27 B D:\NMRWeb\myweb\index.html <-- NMRWeb /home1/fukusima/public_html index.html
99.05.01 14:07 B D:\NMRWeb\myweb\presentations.htm --> ftp.nmia.com /home1/fukusima/public_html presentations.htm
99.05.01 14:11 B D:\NMRWeb\myweb\index.html --> ftp.nmia.com /home1/fukusima/public_html index.html
99.05.01 14:11 B D:\NMRWeb\myweb\index.html --> ftp.nmia.com /home1/fukusima/public_html index.html
99.05.01 14:19 B D:\NMRWeb\myweb\index.html --> ftp.nmia.com /home1/fukusima/public_html index.html
99.05.01 14:20 B D:\NMRWeb\myweb\home.htm --> ftp.nmia.com /home1/fukusima/public_html home.htm
99.05.01 14:21 B D:\NMRWeb\myweb\index.html --> ftp.nmia.com /home1/fukusima/public_html index.html
99.05.01 14:24 B D:\NMRWeb\myweb\index.html --> ftp.nmia.com /home1/fukusima/public_html index.html
99.05.01 14:25 B D:\NMRWeb\myweb\index.html --> ftp.nmia.com /home1/fukusima/public_html index.html
99.05.01 14:27 B D:\NMRWeb\myweb\index.html --> ftp.nmia.com /home1/fukusima/public_html index.html
99.05.01 14:30 B D:\NMRWeb\myweb\journal.htm --> ftp.nmia.com /home1/fukusima/public_html journal.htm
99.05.01 14:32 B D:\NMRWeb\myweb\journal.htm --> ftp.nmia.com /home1/fukusima/public_html journal.htm
99.05.01 14:33 B D:\NMRWeb\myweb\joe.html --> ftp.nmia.com /home1/fukusima/public_html joe.html
99.05.01 15:28 B D:\NMRWeb\myweb\journal.htm --> ftp.nmia.com /home1/fukusima/public_html journal.htm
99.05.01 15:28 B D:\NMRWeb\myweb\joe.html --> ftp.nmia.com /home1/fukusima/public_html joe.html
99.05.01 15:29 B D:\NMRWeb\myweb\joe.html --> ftp.nmia.com /home1/fukusima/public_html joe.html
99.05.01 15:31 B D:\NMRWeb\myweb\joe.html --> ftp.nmia.com /home1/fukusima/public_html joe.html
99.05.01 15:40 B D:\NMRWeb\myweb\nmrpeople.htm --> ftp.nmia.com /home1/fukusima/public_html nmrpeople.htm
99.05.01 15:52 B D:\NMRWeb\myweb\index.html --> ftp.nmia.com /home1/fukusima/public_html index.html
99.05.01 16:19 B D:\NMRWeb\myweb\index.html --> ftp.nmia.com /home1/fukusima/public_html index.html
99.05.01 16:21 B D:\NMRWeb\myweb\index.html --> ftp.nmia.com /home1/fukusima/public_html index.html
99.05.01 16:22 B D:\NMRWeb\myweb\home.htm --> ftp.nmia.com /home1/fukusima/public_html home.htm
99.05.01 16:22 B D:\NMRWeb\myweb\home.htm --> ftp.nmia.com /home1/fukusima/public_html home.htm
99.05.01 16:22 B D:\NMRWeb\myweb\index.html --> ftp.nmia.com /home1/fukusima/public_html index.html
99.05.01 17:25 B D:\NMRWeb\myweb\home.htm --> ftp.nmia.com /home1/fukusima/public_html home.htm
99.05.01 17:25 B D:\NMRWeb\myweb\index.html --> ftp.nmia.com /home1/fukusima/public_html index.html
99.05.01 17:25 B D:\NMRWeb\myweb\littleNMRgroup14.jpg --> ftp.nmia.com /home1/fukusima/public_html littleNMRgroup14.jpg
99.05.02 13:23 B D:\NMRWeb\myweb\mission.html --> ftp.nmia.com /home1/fukusima/public_html mission.html
99.05.02 14:24 B D:\NMRWeb\myweb\home.htm --> ftp.nmia.com /home1/fukusima/public_html home.htm
99.05.03 13:09 B D:\NMRWeb\myweb\presentations.htm --> ftp.nmia.com /home1/fukusima/public_html presentations.htm
99.05.03 13:15 B D:\NMRWeb\myweb\joe.html --> ftp.nmia.com /home1/fukusima/public_html joe.html
99.05.03 16:41 B D:\NMRWeb\myweb\mission.html --> ftp.nmia.com /home1/fukusima/public_html mission.html
99.05.05 11:05 B D:\NMRWeb\myweb\mission.html --> ftp.nmia.com /home1/fukusima/public_html mission.html
99.05.05 11:13 B D:\NMRWeb\myweb\home.htm --> ftp.nmia.com /home1/fukusima/public_html home.htm
99.05.19 18:01 B D:\NMRWeb\myweb\journal.htm --> ftp.nmia.com /home1/fukusima/public_html journal.htm
99.07.03 16:45 B D:\NMRWeb\myweb\arvind.htm --> ftp.nmia.com /home1/fukusima/public_html arvind.htm
99.07.23 17:53 B D:\NMRWeb\myweb\nmrpeople.htm --> ftp.nmia.com /home1/fukusima/public_html nmrpeople.htm
99.07.23 17:53 B D:\NMRWeb\myweb\dean_o.htm --> ftp.nmia.com /home1/fukusima/public_html dean_o.htm
99.07.23 17:53 B D:\NMRWeb\myweb\dokpic.jpg --> ftp.nmia.com /home1/fukusima/public_html dokpic.jpg
99.07.23 18:00 B D:\NMRWeb\myweb\newsletter.htm --> ftp.nmia.com /home1/fukusima/public_html newsletter.htm
99.07.23 18:12 B D:\NMRWeb\myweb\journal.htm --> ftp.nmia.com /home1/fukusima/public_html journal.htm
99.07.24 13:24 B D:\NMRWeb\myweb\mission.html --> ftp.nmia.com /home1/fukusima/public_html mission.html
99.07.24 13:25 B D:\NMRWeb\myweb\maginstall.htm --> ftp.nmia.com /home1/fukusima/public_html maginstall.htm
99.07.24 13:25 B D:\NMRWeb\myweb\Magnet1.jpg --> ftp.nmia.com /home1/fukusima/public_html Magnet1.jpg
99.07.24 13:25 B D:\NMRWeb\myweb\Magnet2.jpg --> ftp.nmia.com /home1/fukusima/public_html Magnet2.jpg
99.07.24 13:25 B D:\NMRWeb\myweb\Magnet3.jpg --> ftp.nmia.com /home1/fukusima/public_html Magnet3.jpg
99.07.24 13:25 B D:\NMRWeb\myweb\Magnet4.jpg --> ftp.nmia.com /home1/fukusima/public_html Magnet4.jpg
99.07.24 13:33 B D:\NMRWeb\myweb\publications.html --> ftp.nmia.com /home1/fukusima/public_html publications.html
99.07.24 13:36 B D:\NMRWeb\myweb\publications.html --> ftp.nmia.com /home1/fukusima/public_html publications.html
99.07.24 13:37 B D:\NMRWeb\myweb\publications.html --> ftp.nmia.com /home1/fukusima/public_html publications.html
99.07.24 14:03 B D:\NMRWeb\myweb\newsletter.htm --> ftp.nmia.com /home1/fukusima/public_html newsletter.htm
99.07.24 14:03 B D:\NMRWeb\myweb\june22nmrnl.htm --> ftp.nmia.com /home1/fukusima/public_html june22nmrnl.htm
99.07.24 14:04 B D:\NMRWeb\myweb\Image1.gif --> ftp.nmia.com /home1/fukusima/public_html Image1.gif
99.07.24 14:04 B D:\NMRWeb\myweb\Image2.gif --> ftp.nmia.com /home1/fukusima/public_html Image2.gif
99.07.24 16:43 B D:\NMRWeb\myweb\journal.htm --> ftp.nmia.com /home1/fukusima/public_html journal.htm
99.07.24 16:45 B D:\NMRWeb\myweb\newsletter.htm --> ftp.nmia.com /home1/fukusima/public_html newsletter.htm
99.07.25 16:06 B D:\NMRWeb\myweb\joe.html --> ftp.nmia.com /home1/fukusima/public_html joe.html
99.07.25 16:06 B D:\NMRWeb\myweb\joe2.JPG --> ftp.nmia.com /home1/fukusima/public_html joe2.JPG
99.07.31 12:05 B D:\NMRWeb\myweb\home.htm --> ftp.nmia.com /home1/fukusima/public_html home.htm
99.07.31 12:05 B D:\NMRWeb\myweb\maginstall.htm --> ftp.nmia.com /home1/fukusima/public_html maginstall.htm
99.07.31 12:06 B D:\NMRWeb\myweb\home.htm --> ftp.nmia.com /home1/fukusima/public_html home.htm
99.07.31 12:07 B D:\NMRWeb\myweb\home.htm --> ftp.nmia.com /home1/fukusima/public_html home.htm
99.08.12 15:28 B D:\NMRWeb\myweb\benji.htm --> ftp.nmia.com /home1/fukusima/public_html benji.htm
99.08.12 15:28 B D:\NMRWeb\myweb\mission.html --> ftp.nmia.com /home1/fukusima/public_html mission.html
99.08.16 17:26 B D:\NMRWeb\myweb\nmrpeople.htm --> ftp.nmia.com /home1/fukusima/public_html nmrpeople.htm
99.08.18 12:56 B D:\NMRWeb\myweb\0030.jpg --> ftp.nmia.com /home1/fukusima/public_html 0030.jpg
99.08.18 12:56 B D:\NMRWeb\myweb\340.html --> ftp.nmia.com /home1/fukusima/public_html 340.html
99.08.18 12:56 B D:\NMRWeb\myweb\340a.gif --> ftp.nmia.com /home1/fukusima/public_html 340a.gif
99.08.18 12:56 B D:\NMRWeb\myweb\340b.gif --> ftp.nmia.com /home1/fukusima/public_html 340b.gif
99.08.18 12:56 B D:\NMRWeb\myweb\346.htm --> ftp.nmia.com /home1/fukusima/public_html 346.htm
99.08.18 12:57 B D:\NMRWeb\myweb\acoma25.gif --> ftp.nmia.com /home1/fukusima/public_html acoma25.gif
99.08.18 12:57 B D:\NMRWeb\myweb\acoma47b.gif --> ftp.nmia.com /home1/fukusima/public_html acoma47b.gif
99.08.18 12:57 B D:\NMRWeb\myweb\arvind.htm --> ftp.nmia.com /home1/fukusima/public_html arvind.htm
99.08.18 12:57 B D:\NMRWeb\myweb\arvind.jpg --> ftp.nmia.com /home1/fukusima/public_html arvind.jpg
99.08.18 12:57 B D:\NMRWeb\myweb\back.gif --> ftp.nmia.com /home1/fukusima/public_html back.gif
99.08.18 12:57 B D:\NMRWeb\myweb\backfun.jpg --> ftp.nmia.com /home1/fukusima/public_html backfun.jpg
99.08.18 12:57 B D:\NMRWeb\myweb\bag1.jpg --> ftp.nmia.com /home1/fukusima/public_html bag1.jpg
99.08.18 12:57 B D:\NMRWeb\myweb\benji.htm --> ftp.nmia.com /home1/fukusima/public_html benji.htm
99.08.18 12:57 B D:\NMRWeb\myweb\button.gif --> ftp.nmia.com /home1/fukusima/public_html button.gif
99.08.18 12:57 B D:\NMRWeb\myweb\bwave.GIF --> ftp.nmia.com /home1/fukusima/public_html bwave.GIF
99.08.18 12:57 B D:\NMRWeb\myweb\cactus.jpg --> ftp.nmia.com /home1/fukusima/public_html cactus.jpg
99.08.18 12:57 B D:\NMRWeb\myweb\cactustest..gif --> ftp.nmia.com /home1/fukusima/public_html cactustest..gif
99.08.18 12:57 B D:\NMRWeb\myweb\chilis_a.gif --> ftp.nmia.com /home1/fukusima/public_html chilis_a.gif
99.08.18 12:57 B D:\NMRWeb\myweb\comments.html --> ftp.nmia.com /home1/fukusima/public_html comments.html
99.08.18 12:57 B D:\NMRWeb\myweb\dean_o.htm --> ftp.nmia.com /home1/fukusima/public_html dean_o.htm
99.08.18 12:57 B D:\NMRWeb\myweb\dokpic.jpg --> ftp.nmia.com /home1/fukusima/public_html dokpic.jpg
99.08.18 12:57 B D:\NMRWeb\myweb\eiichi.htm --> ftp.nmia.com /home1/fukusima/public_html eiichi.htm
99.08.18 12:57 B D:\NMRWeb\myweb\eiichi.jpg --> ftp.nmia.com /home1/fukusima/public_html eiichi.jpg
99.08.18 12:57 B D:\NMRWeb\myweb\EKJ3.jpg --> ftp.nmia.com /home1/fukusima/public_html EKJ3.jpg
99.08.18 12:57 B D:\NMRWeb\myweb\expfl16-93-2.htm --> ftp.nmia.com /home1/fukusima/public_html expfl16-93-2.htm
99.08.18 12:57 B D:\NMRWeb\myweb\expfl16-93.htm --> ftp.nmia.com /home1/fukusima/public_html expfl16-93.htm
99.08.18 12:57 B D:\NMRWeb\myweb\F1.jpg --> ftp.nmia.com /home1/fukusima/public_html F1.jpg
99.08.18 12:57 B D:\NMRWeb\myweb\F2.jpg --> ftp.nmia.com /home1/fukusima/public_html F2.jpg
99.08.18 12:57 B D:\NMRWeb\myweb\F3.jpg --> ftp.nmia.com /home1/fukusima/public_html F3.jpg
99.08.18 12:57 B D:\NMRWeb\myweb\fakefog.gif --> ftp.nmia.com /home1/fukusima/public_html fakefog.gif
99.08.18 12:57 B D:\NMRWeb\myweb\grou797.jpg --> ftp.nmia.com /home1/fukusima/public_html grou797.jpg
99.08.18 12:57 B D:\NMRWeb\myweb\group124.jpg --> ftp.nmia.com /home1/fukusima/public_html group124.jpg
99.08.18 12:57 B D:\NMRWeb\myweb\group13.jpg --> ftp.nmia.com /home1/fukusima/public_html group13.jpg
99.08.18 12:57 B D:\NMRWeb\myweb\GUESTBOOK.GIF --> ftp.nmia.com /home1/fukusima/public_html GUESTBOOK.GIF
99.08.18 12:57 B D:\NMRWeb\myweb\hane_a.gif --> ftp.nmia.com /home1/fukusima/public_html hane_a.gif
99.08.18 12:57 B D:\NMRWeb\myweb\hello.gif --> ftp.nmia.com /home1/fukusima/public_html hello.gif
99.08.18 12:57 B D:\NMRWeb\myweb\home.htm --> ftp.nmia.com /home1/fukusima/public_html home.htm
99.08.18 12:57 B D:\NMRWeb\myweb\Image1.gif --> ftp.nmia.com /home1/fukusima/public_html Image1.gif
99.08.18 12:57 B D:\NMRWeb\myweb\Image2.gif --> ftp.nmia.com /home1/fukusima/public_html Image2.gif
99.08.18 12:57 B D:\NMRWeb\myweb\index.htm --> ftp.nmia.com /home1/fukusima/public_html index.htm
99.08.18 12:57 B D:\NMRWeb\myweb\index.html --> ftp.nmia.com /home1/fukusima/public_html index.html
99.08.18 12:57 B D:\NMRWeb\myweb\joe.html --> ftp.nmia.com /home1/fukusima/public_html joe.html
99.08.18 12:57 B D:\NMRWeb\myweb\joe2.JPG --> ftp.nmia.com /home1/fukusima/public_html joe2.JPG
99.08.18 12:57 B D:\NMRWeb\myweb\jor35-91.htm --> ftp.nmia.com /home1/fukusima/public_html jor35-91.htm
99.08.18 12:57 B D:\NMRWeb\myweb\jortube.jpg --> ftp.nmia.com /home1/fukusima/public_html jortube.jpg
99.08.18 12:57 B D:\NMRWeb\myweb\journal.htm --> ftp.nmia.com /home1/fukusima/public_html journal.htm
99.08.18 12:57 B D:\NMRWeb\myweb\june22nmrnl.htm --> ftp.nmia.com /home1/fukusima/public_html june22nmrnl.htm
99.08.18 12:57 B D:\NMRWeb\myweb\kendra.htm --> ftp.nmia.com /home1/fukusima/public_html kendra.htm
99.08.18 12:57 B D:\NMRWeb\myweb\kendra04.jpg --> ftp.nmia.com /home1/fukusima/public_html kendra04.jpg
99.08.18 12:57 B D:\NMRWeb\myweb\line_a.gif --> ftp.nmia.com /home1/fukusima/public_html line_a.gif
99.08.18 12:57 B D:\NMRWeb\myweb\links.html --> ftp.nmia.com /home1/fukusima/public_html links.html
99.08.18 12:57 B D:\NMRWeb\myweb\maginstall.htm --> ftp.nmia.com /home1/fukusima/public_html maginstall.htm
99.08.18 12:57 B D:\NMRWeb\myweb\Magnet1.jpg --> ftp.nmia.com /home1/fukusima/public_html Magnet1.jpg
99.08.18 12:57 B D:\NMRWeb\myweb\Magnet2.jpg --> ftp.nmia.com /home1/fukusima/public_html Magnet2.jpg
99.08.18 12:57 B D:\NMRWeb\myweb\Magnet3.jpg --> ftp.nmia.com /home1/fukusima/public_html Magnet3.jpg
99.08.18 12:57 B D:\NMRWeb\myweb\Magnet4.jpg --> ftp.nmia.com /home1/fukusima/public_html Magnet4.jpg
99.08.18 12:57 B D:\NMRWeb\myweb\menu.htm --> ftp.nmia.com /home1/fukusima/public_html menu.htm
99.08.18 12:57 B D:\NMRWeb\myweb\mission.html --> ftp.nmia.com /home1/fukusima/public_html mission.html
99.08.18 12:57 B D:\NMRWeb\myweb\MSSPAM.jpg --> ftp.nmia.com /home1/fukusima/public_html MSSPAM.jpg
99.08.18 12:57 B D:\NMRWeb\myweb\new.gif --> ftp.nmia.com /home1/fukusima/public_html new.gif
99.08.18 12:57 B D:\NMRWeb\myweb\newsletter.htm --> ftp.nmia.com /home1/fukusima/public_html newsletter.htm
99.08.18 12:57 B D:\NMRWeb\myweb\nmr1.jpg --> ftp.nmia.com /home1/fukusima/public_html nmr1.jpg
99.08.18 12:57 B D:\NMRWeb\myweb\nmrlogo.gif --> ftp.nmia.com /home1/fukusima/public_html nmrlogo.gif
99.08.18 12:57 B D:\NMRWeb\myweb\nmrlogo1.gif --> ftp.nmia.com /home1/fukusima/public_html nmrlogo1.gif
99.08.18 12:57 B D:\NMRWeb\myweb\nmrpeople.htm --> ftp.nmia.com /home1/fukusima/public_html nmrpeople.htm
99.08.18 12:57 B D:\NMRWeb\myweb\page21.htm --> ftp.nmia.com /home1/fukusima/public_html page21.htm
99.08.18 12:57 B D:\NMRWeb\myweb\pof6-94.htm --> ftp.nmia.com /home1/fukusima/public_html pof6-94.htm
99.08.18 12:57 B D:\NMRWeb\myweb\presentations.htm --> ftp.nmia.com /home1/fukusima/public_html presentations.htm
99.08.18 12:57 B D:\NMRWeb\myweb\PUBLICATION.GIF --> ftp.nmia.com /home1/fukusima/public_html PUBLICATION.GIF
99.08.18 12:57 B D:\NMRWeb\myweb\publications.html --> ftp.nmia.com /home1/fukusima/public_html publications.html
99.08.18 12:57 B D:\NMRWeb\myweb\secret.html --> ftp.nmia.com /home1/fukusima/public_html secret.html
99.08.18 12:57 B D:\NMRWeb\myweb\static.gif --> ftp.nmia.com /home1/fukusima/public_html static.gif
99.08.18 12:57 B D:\NMRWeb\myweb\steve.htm --> ftp.nmia.com /home1/fukusima/public_html steve.htm
99.08.18 12:57 B D:\NMRWeb\myweb\steve.jpg --> ftp.nmia.com /home1/fukusima/public_html steve.jpg
99.08.18 12:57 B D:\NMRWeb\myweb\talks.htm --> ftp.nmia.com /home1/fukusima/public_html talks.htm
99.08.18 16:12 B D:\NMRWeb\myweb\home.htm --> ftp.nmia.com /home1/fukusima/public_html home.htm
99.08.18 16:12 B D:\NMRWeb\myweb\journal.htm --> ftp.nmia.com /home1/fukusima/public_html journal.htm
99.08.18 16:12 B D:\NMRWeb\myweb\mission.html --> ftp.nmia.com /home1/fukusima/public_html mission.html
99.08.18 16:21 B D:\NMRWeb\myweb\journal.htm --> ftp.nmia.com /home1/fukusima/public_html journal.htm
99.08.18 16:37 B D:\NMRWeb\myweb\comments.html --> ftp.nmia.com /home1/fukusima/public_html comments.html
99.08.18 16:38 B D:\NMRWeb\myweb\nmrpeople.htm --> ftp.nmia.com /home1/fukusima/public_html nmrpeople.htm
99.09.08 13:19 B D:\NMRWeb\myweb\journal.htm --> ftp.nmia.com /home1/fukusima/public_html journal.htm
99.09.10 09:05 B D:\NMRWeb\myweb\journal.htm --> ftp.nmia.com /home1/fukusima/public_html journal.htm
99.09.30 09:00 B D:\NMRWeb\myweb\nmrpeople.htm --> ftp.nmia.com /home1/fukusima/public_html nmrpeople.htm
99.09.30 09:01 B D:\NMRWeb\myweb\mission.html --> ftp.nmia.com /home1/fukusima/public_html mission.html
99.10.11 09:27 B D:\NMRWeb\myweb\nmrpeople.htm --> ftp.nmia.com /home1/fukusima/public_html nmrpeople.htm
99.10.20 10:05 B D:\NMRWeb\myweb\0030.jpg --> ftp.nmia.com /home1/fukusima/public_html 0030.jpg
99.10.20 10:05 B D:\NMRWeb\myweb\340.gif --> ftp.nmia.com /home1/fukusima/public_html 340.gif
99.10.20 10:05 B D:\NMRWeb\myweb\340.htm --> ftp.nmia.com /home1/fukusima/public_html 340.htm
99.10.20 10:05 B D:\NMRWeb\myweb\346.gif --> ftp.nmia.com /home1/fukusima/public_html 346.gif
99.10.20 10:05 B D:\NMRWeb\myweb\346.htm --> ftp.nmia.com /home1/fukusima/public_html 346.htm
99.10.20 10:05 B D:\NMRWeb\myweb\357.gif --> ftp.nmia.com /home1/fukusima/public_html 357.gif
99.10.20 10:05 B D:\NMRWeb\myweb\357.htm --> ftp.nmia.com /home1/fukusima/public_html 357.htm
99.10.20 10:05 B D:\NMRWeb\myweb\367.gif --> ftp.nmia.com /home1/fukusima/public_html 367.gif
99.10.20 10:05 B D:\NMRWeb\myweb\367.htm --> ftp.nmia.com /home1/fukusima/public_html 367.htm
99.10.20 10:05 B D:\NMRWeb\myweb\378.gif --> ftp.nmia.com /home1/fukusima/public_html 378.gif
99.10.20 10:06 B D:\NMRWeb\myweb\378.htm --> ftp.nmia.com /home1/fukusima/public_html 378.htm
99.10.20 10:06 B D:\NMRWeb\myweb\385.gif --> ftp.nmia.com /home1/fukusima/public_html 385.gif
99.10.20 10:06 B D:\NMRWeb\myweb\385.htm --> ftp.nmia.com /home1/fukusima/public_html 385.htm
99.10.20 10:06 B D:\NMRWeb\myweb\388.gif --> ftp.nmia.com /home1/fukusima/public_html 388.gif
99.10.20 10:06 B D:\NMRWeb\myweb\388.htm --> ftp.nmia.com /home1/fukusima/public_html 388.htm
99.10.20 10:06 B D:\NMRWeb\myweb\399.gif --> ftp.nmia.com /home1/fukusima/public_html 399.gif
99.10.20 10:06 B D:\NMRWeb\myweb\399.htm --> ftp.nmia.com /home1/fukusima/public_html 399.htm
99.10.20 10:06 B D:\NMRWeb\myweb\410.gif --> ftp.nmia.com /home1/fukusima/public_html 410.gif
99.10.20 10:06 B D:\NMRWeb\myweb\410.htm --> ftp.nmia.com /home1/fukusima/public_html 410.htm
99.10.20 10:06 B D:\NMRWeb\myweb\431.gif --> ftp.nmia.com /home1/fukusima/public_html 431.gif
99.10.20 10:06 B D:\NMRWeb\myweb\431.htm --> ftp.nmia.com /home1/fukusima/public_html 431.htm
99.10.20 10:06 B D:\NMRWeb\myweb\journal.htm --> ftp.nmia.com /home1/fukusima/public_html journal.htm
99.10.20 10:06 B D:\NMRWeb\myweb\newsletter.htm --> ftp.nmia.com /home1/fukusima/public_html newsletter.htm
99.10.20 10:06 B D:\NMRWeb\myweb\presentations.htm --> ftp.nmia.com /home1/fukusima/public_html presentations.htm
99.10.20 10:06 B D:\NMRWeb\myweb\PUBLICATION.GIF --> ftp.nmia.com /home1/fukusima/public_html PUBLICATION.GIF
99.10.27 16:37 B D:\NMRWeb\myweb\journal.htm --> ftp.nmia.com /home1/fukusima/public_html journal.htm
99.10.27 16:38 B D:\NMRWeb\myweb\newsletter.htm --> ftp.nmia.com /home1/fukusima/public_html newsletter.htm
99.10.27 16:38 B D:\NMRWeb\myweb\presentations.htm --> ftp.nmia.com /home1/fukusima/public_html presentations.htm
99.10.29 10:01 B D:\NMRWeb\myweb\378-33.htm --> ftp.nmia.com /home1/fukusima/public_html 378-33.htm
99.10.29 10:01 B D:\NMRWeb\myweb\472-33.htm --> ftp.nmia.com /home1/fukusima/public_html 472-33.htm
99.10.29 10:01 B D:\NMRWeb\myweb\472Image.gif --> ftp.nmia.com /home1/fukusima/public_html 472Image.gif
99.10.29 10:02 B D:\NMRWeb\myweb\newsletter.htm --> ftp.nmia.com /home1/fukusima/public_html newsletter.htm
99.10.29 10:17 B D:\NMRWeb\myweb\472-33.htm --> ftp.nmia.com /home1/fukusima/public_html 472-33.htm
99.10.29 10:17 B D:\NMRWeb\myweb\472Image.gif --> ftp.nmia.com /home1/fukusima/public_html 472Image.gif
99.10.29 10:17 B D:\NMRWeb\myweb\472Image.tif --> ftp.nmia.com /home1/fukusima/public_html 472Image.tif
99.10.29 10:17 B D:\NMRWeb\myweb\newsletter.htm --> ftp.nmia.com /home1/fukusima/public_html newsletter.htm
99.10.29 10:23 B D:\NMRWeb\myweb\472-33.htm --> ftp.nmia.com /home1/fukusima/public_html 472-33.htm
99.10.29 10:23 B D:\NMRWeb\myweb\472Image.gif --> ftp.nmia.com /home1/fukusima/public_html 472Image.gif
99.10.29 10:23 B D:\NMRWeb\myweb\472Image.tif --> ftp.nmia.com /home1/fukusima/public_html 472Image.tif
99.10.29 10:23 B D:\NMRWeb\myweb\newsletter.htm --> ftp.nmia.com /home1/fukusima/public_html newsletter.htm
99.11.02 14:12 B D:\NMRWeb\myweb\431.htm --> ftp.nmia.com /home1/fukusima/public_html 431.htm
99.11.02 14:12 B D:\NMRWeb\myweb\439.htm --> ftp.nmia.com /home1/fukusima/public_html 439.htm
99.11.02 14:12 B D:\NMRWeb\myweb\449.htm --> ftp.nmia.com /home1/fukusima/public_html 449.htm
99.11.02 14:12 B D:\NMRWeb\myweb\449Image.gif --> ftp.nmia.com /home1/fukusima/public_html 449Image.gif
99.11.02 14:12 B D:\NMRWeb\myweb\459.htm --> ftp.nmia.com /home1/fukusima/public_html 459.htm
99.11.02 14:13 B D:\NMRWeb\myweb\newsletter.htm --> ftp.nmia.com /home1/fukusima/public_html newsletter.htm
99.11.02 14:19 B D:\NMRWeb\myweb\newsletter.htm --> ftp.nmia.com /home1/fukusima/public_html newsletter.htm
99.11.02 14:21 B D:\NMRWeb\myweb\431.htm --> ftp.nmia.com /home1/fukusima/public_html 431.htm
99.11.02 14:22 B D:\NMRWeb\myweb\431.htm --> ftp.nmia.com /home1/fukusima/public_html 431.htm
99.11.04 14:50 B D:\NMRWeb\myweb\388.htm --> ftp.nmia.com /home1/fukusima/public_html 388.htm
99.11.04 14:50 B D:\NMRWeb\myweb\399.htm --> ftp.nmia.com /home1/fukusima/public_html 399.htm
99.11.04 14:50 B D:\NMRWeb\myweb\399Image.gif --> ftp.nmia.com /home1/fukusima/public_html 399Image.gif
99.11.04 14:50 B D:\NMRWeb\myweb\410.htm --> ftp.nmia.com /home1/fukusima/public_html 410.htm
99.11.04 14:50 B D:\NMRWeb\myweb\410Image.gif --> ftp.nmia.com /home1/fukusima/public_html 410Image.gif
99.11.04 14:50 B D:\NMRWeb\myweb\420.htm --> ftp.nmia.com /home1/fukusima/public_html 420.htm
99.11.04 14:50 B D:\NMRWeb\myweb\420equ.gif --> ftp.nmia.com /home1/fukusima/public_html 420equ.gif
99.11.04 14:50 B D:\NMRWeb\myweb\420Image.gif --> ftp.nmia.com /home1/fukusima/public_html 420Image.gif
99.11.04 14:50 B D:\NMRWeb\myweb\newsletter.htm --> ftp.nmia.com /home1/fukusima/public_html newsletter.htm
99.11.10 17:00 B D:\NMRWeb\myweb\340.htm --> ftp.nmia.com /home1/fukusima/public_html 340.htm
99.11.10 17:00 B D:\NMRWeb\myweb\340eq1.gif --> ftp.nmia.com /home1/fukusima/public_html 340eq1.gif
99.11.10 17:00 B D:\NMRWeb\myweb\340Image.gif --> ftp.nmia.com /home1/fukusima/public_html 340Image.gif
99.11.10 17:00 B D:\NMRWeb\myweb\346.htm --> ftp.nmia.com /home1/fukusima/public_html 346.htm
99.11.10 17:00 B D:\NMRWeb\myweb\346Image.gif --> ftp.nmia.com /home1/fukusima/public_html 346Image.gif
99.11.10 17:00 B D:\NMRWeb\myweb\357.htm --> ftp.nmia.com /home1/fukusima/public_html 357.htm
99.11.10 17:00 B D:\NMRWeb\myweb\357eq1.gif --> ftp.nmia.com /home1/fukusima/public_html 357eq1.gif
99.11.10 17:00 B D:\NMRWeb\myweb\357eq2.gif --> ftp.nmia.com /home1/fukusima/public_html 357eq2.gif
99.11.10 17:00 B D:\NMRWeb\myweb\357eq3.gif --> ftp.nmia.com /home1/fukusima/public_html 357eq3.gif
99.11.10 17:00 B D:\NMRWeb\myweb\357eq4.gif --> ftp.nmia.com /home1/fukusima/public_html 357eq4.gif
99.11.10 17:00 B D:\NMRWeb\myweb\357eq5.gif --> ftp.nmia.com /home1/fukusima/public_html 357eq5.gif
99.11.10 17:00 B D:\NMRWeb\myweb\357eq6.gif --> ftp.nmia.com /home1/fukusima/public_html 357eq6.gif
99.11.10 17:00 B D:\NMRWeb\myweb\357eq7.gif --> ftp.nmia.com /home1/fukusima/public_html 357eq7.gif
99.11.10 17:00 B D:\NMRWeb\myweb\357image.gif --> ftp.nmia.com /home1/fukusima/public_html 357image.gif
99.11.10 17:00 B D:\NMRWeb\myweb\367.htm --> ftp.nmia.com /home1/fukusima/public_html 367.htm
99.11.10 17:00 B D:\NMRWeb\myweb\367Image.gif --> ftp.nmia.com /home1/fukusima/public_html 367Image.gif
99.11.10 17:01 B D:\NMRWeb\myweb\385.htm --> ftp.nmia.com /home1/fukusima/public_html 385.htm
99.11.10 17:01 B D:\NMRWeb\myweb\385Image.gif --> ftp.nmia.com /home1/fukusima/public_html 385Image.gif
99.11.10 17:01 B D:\NMRWeb\myweb\newsletter.htm --> ftp.nmia.com /home1/fukusima/public_html newsletter.htm
99.12.01 10:57 B D:\NMRWeb\myweb\journal.htm --> ftp.nmia.com /home1/fukusima/public_html journal.htm
100.01.05 16:24 B D:\NMRWeb\myweb\cathy.htm --> ftp.nmia.com /home1/fukusima/public_html cathy.htm
100.01.05 16:24 B D:\NMRWeb\myweb\journal.htm --> ftp.nmia.com /home1/fukusima/public_html journal.htm
100.01.05 16:25 B D:\NMRWeb\myweb\nmrpeople.htm --> ftp.nmia.com /home1/fukusima/public_html nmrpeople.htm
100.01.05 16:25 B D:\NMRWeb\myweb\secret.html --> ftp.nmia.com /home1/fukusima/public_html secret.html
100.01.05 16:30 B D:\NMRWeb\myweb\nmrpeople.htm --> ftp.nmia.com /home1/fukusima/public_html nmrpeople.htm
100.01.13 15:43 B D:\NMRWeb\myweb\chilis_a.gif --> ftp.nmia.com /home1/fukusima/public_html chilis_a.gif
100.01.13 15:44 B D:\NMRWeb\myweb\home.htm --> ftp.nmia.com /home1/fukusima/public_html home.htm
100.01.13 15:44 B D:\NMRWeb\myweb\joe.html --> ftp.nmia.com /home1/fukusima/public_html joe.html
100.01.13 15:44 B D:\NMRWeb\myweb\journal.htm --> ftp.nmia.com /home1/fukusima/public_html journal.htm
100.01.13 15:44 B D:\NMRWeb\myweb\publications.html --> ftp.nmia.com /home1/fukusima/public_html publications.html
100.01.24 15:48 B D:\NMRWeb\myweb\dean_o.htm --> ftp.nmia.com /home1/fukusima/public_html dean_o.htm
100.01.24 15:48 B D:\NMRWeb\myweb\journal.htm --> ftp.nmia.com /home1/fukusima/public_html journal.htm
100.01.24 15:48 B D:\NMRWeb\myweb\presentations.htm --> ftp.nmia.com /home1/fukusima/public_html presentations.htm
100.01.24 15:49 B D:\NMRWeb\myweb\home.htm --> ftp.nmia.com /home1/fukusima/public_html home.htm
100.01.25 11:27 B D:\NMRWeb\myweb\dean_o.htm --> ftp.nmia.com /home1/fukusima/public_html dean_o.htm
100.01.25 11:28 B D:\NMRWeb\myweb\home.htm --> ftp.nmia.com /home1/fukusima/public_html home.htm
100.01.25 11:28 B D:\NMRWeb\myweb\mission.html --> ftp.nmia.com /home1/fukusima/public_html mission.html
100.01.25 11:28 B D:\NMRWeb\myweb\ratlung.htm --> ftp.nmia.com /home1/fukusima/public_html ratlung.htm
100.01.25 11:28 B D:\NMRWeb\myweb\ratlung.jpg --> ftp.nmia.com /home1/fukusima/public_html ratlung.jpg
100.02.18 10:36 B D:\NMRWeb\myweb\home.htm --> ftp.nmia.com /home1/fukusima/public_html home.htm
100.02.18 10:36 B D:\NMRWeb\myweb\mission.html --> ftp.nmia.com /home1/fukusima/public_html mission.html
100.02.18 10:36 B D:\NMRWeb\myweb\nmrpeople.htm --> ftp.nmia.com /home1/fukusima/public_html nmrpeople.htm
100.02.21 10:47 B D:\NMRWeb\myweb\nmrpeople.htm --> ftp.nmia.com /home1/fukusima/public_html nmrpeople.htm
100.02.28 10:40 B D:\NMRWeb\myweb\joe.html --> ftp.nmia.com /home1/fukusima/public_html joe.html
100.02.28 10:40 B D:\NMRWeb\myweb\nmrpeople.htm --> ftp.nmia.com /home1/fukusima/public_html nmrpeople.htm
100.02.28 10:41 B D:\NMRWeb\myweb\PRL00266.pdf --> ftp.nmia.com /home1/fukusima/public_html PRL00266.pdf
100.02.28 10:41 B D:\NMRWeb\myweb\journal.htm --> ftp.nmia.com /home1/fukusima/public_html journal.htm
100.04.28 09:55 B D:\NMRWeb\myweb\Jack.htm --> ftp.nmia.com /home1/fukusima/public_html Jack.htm
100.04.28 09:56 B D:\NMRWeb\myweb\home.htm --> ftp.nmia.com /home1/fukusima/public_html home.htm
100.04.28 09:56 B D:\NMRWeb\myweb\journal.htm --> ftp.nmia.com /home1/fukusima/public_html journal.htm
100.04.28 09:57 B D:\NMRWeb\myweb\nmrpeople.htm --> ftp.nmia.com /home1/fukusima/public_html nmrpeople.htm
100.04.28 09:57 B D:\NMRWeb\myweb\publications.html --> ftp.nmia.com /home1/fukusima/public_html publications.html
100.04.28 10:00 B D:\NMRWeb\myweb\home.htm --> ftp.nmia.com /home1/fukusima/public_html home.htm
100.05.02 14:32 B D:\NMRWeb\myweb\home.htm --> ftp.nmia.com /home1/fukusima/public_html home.htm
100.05.02 14:33 B D:\NMRWeb\myweb\nmrpeople.htm --> ftp.nmia.com /home1/fukusima/public_html nmrpeople.htm
100.05.04 15:19 B D:\NMRWeb\myweb\home.htm --> ftp.nmia.com /home1/fukusima/public_html home.htm
100.05.04 15:19 B D:\NMRWeb\myweb\links.html --> ftp.nmia.com /home1/fukusima/public_html links.html
100.05.04 15:20 B D:\NMRWeb\myweb\nmrpeople.htm --> ftp.nmia.com /home1/fukusima/public_html nmrpeople.htm
100.05.04 15:20 B D:\NMRWeb\myweb\steven.htm --> ftp.nmia.com /home1/fukusima/public_html steven.htm
100.05.08 12:05 B D:\NMRWeb\myweb\GREECE11.JPG --> ftp.nmia.com /home1/fukusima/public_html GREECE11.JPG
100.05.08 12:05 B D:\NMRWeb\myweb\home.htm --> ftp.nmia.com /home1/fukusima/public_html home.htm
100.05.08 12:05 B D:\NMRWeb\myweb\mission.html --> ftp.nmia.com /home1/fukusima/public_html mission.html
100.05.08 12:05 B D:\NMRWeb\myweb\nmrpeople.htm --> ftp.nmia.com /home1/fukusima/public_html nmrpeople.htm
100.05.08 12:06 B D:\NMRWeb\myweb\steven.htm --> ftp.nmia.com /home1/fukusima/public_html steven.htm
100.05.08 12:15 B D:\NMRWeb\myweb\home.htm --> ftp.nmia.com /home1/fukusima/public_html home.htm
100.05.08 12:15 B D:\NMRWeb\myweb\steven.htm --> ftp.nmia.com /home1/fukusima/public_html steven.htm
100.05.08 12:16 B D:\NMRWeb\myweb\GREECE11.JPG --> ftp.nmia.com /home1/fukusima/public_html GREECE11.JPG
100.05.08 12:23 B D:\NMRWeb\myweb\GREECE11.JPG --> ftp.nmia.com /home1/fukusima/public_html GREECE11.JPG
100.05.08 12:23 B D:\NMRWeb\myweb\steven.htm --> ftp.nmia.com /home1/fukusima/public_html steven.htm
100.05.08 12:27 B D:\NMRWeb\myweb\GREECE11.JPG --> ftp.nmia.com /home1/fukusima/public_html GREECE11.JPG
100.05.08 12:28 B D:\NMRWeb\myweb\steven.htm --> ftp.nmia.com /home1/fukusima/public_html steven.htm
100.05.08 12:49 B D:\NMRWeb\myweb\steven.jpg --> ftp.nmia.com /home1/fukusima/public_html steven.jpg
100.05.08 12:49 B D:\NMRWeb\myweb\steven.htm --> ftp.nmia.com /home1/fukusima/public_html steven.htm
100.05.09 09:12 B D:\NMRWeb\myweb\500.htm --> ftp.nmia.com /home1/fukusima/public_html 500.htm
100.05.09 09:12 B D:\NMRWeb\myweb\500.pdf --> ftp.nmia.com /home1/fukusima/public_html 500.pdf
100.05.09 09:13 B D:\NMRWeb\myweb\500_1.eps --> ftp.nmia.com /home1/fukusima/public_html 500_1.eps
100.05.09 09:13 B D:\NMRWeb\myweb\500_1.gif --> ftp.nmia.com /home1/fukusima/public_html 500_1.gif
100.05.09 09:13 B D:\NMRWeb\myweb\500_2.eps --> ftp.nmia.com /home1/fukusima/public_html 500_2.eps
100.05.09 09:13 B D:\NMRWeb\myweb\500_2.gif --> ftp.nmia.com /home1/fukusima/public_html 500_2.gif
100.05.09 09:14 B D:\NMRWeb\myweb\home.htm --> ftp.nmia.com /home1/fukusima/public_html home.htm
100.05.09 09:15 B D:\NMRWeb\myweb\newsletter.htm --> ftp.nmia.com /home1/fukusima/public_html newsletter.htm
100.09.01 08:17 B D:\NMRWeb\myweb\0030.jpg --> bigworm.nmfiber.com /nfs/home/n/nmrweb/public_html 0030.jpg
100.09.01 08:17 B D:\NMRWeb\myweb\340.htm --> bigworm.nmfiber.com /nfs/home/n/nmrweb/public_html 340.htm
100.09.01 08:17 B D:\NMRWeb\myweb\340eq1.gif --> bigworm.nmfiber.com /nfs/home/n/nmrweb/public_html 340eq1.gif
100.09.01 08:17 B D:\NMRWeb\myweb\340Image.gif --> bigworm.nmfiber.com /nfs/home/n/nmrweb/public_html 340Image.gif
100.09.01 08:17 B D:\NMRWeb\myweb\346.htm --> bigworm.nmfiber.com /nfs/home/n/nmrweb/public_html 346.htm
100.09.01 08:18 B D:\NMRWeb\myweb\346Image.gif --> bigworm.nmfiber.com /nfs/home/n/nmrweb/public_html 346Image.gif
100.09.01 08:18 B D:\NMRWeb\myweb\357.htm --> bigworm.nmfiber.com /nfs/home/n/nmrweb/public_html 357.htm
100.09.01 08:18 B D:\NMRWeb\myweb\357eq1.gif --> bigworm.nmfiber.com /nfs/home/n/nmrweb/public_html 357eq1.gif
100.09.01 08:18 B D:\NMRWeb\myweb\357eq2.gif --> bigworm.nmfiber.com /nfs/home/n/nmrweb/public_html 357eq2.gif
100.09.01 08:18 B D:\NMRWeb\myweb\357eq3.gif --> bigworm.nmfiber.com /nfs/home/n/nmrweb/public_html 357eq3.gif
100.09.01 08:18 B D:\NMRWeb\myweb\357eq4.gif --> bigworm.nmfiber.com /nfs/home/n/nmrweb/public_html 357eq4.gif
100.09.01 08:18 B D:\NMRWeb\myweb\357eq5.gif --> bigworm.nmfiber.com /nfs/home/n/nmrweb/public_html 357eq5.gif
100.09.01 08:18 B D:\NMRWeb\myweb\357eq6.gif --> bigworm.nmfiber.com /nfs/home/n/nmrweb/public_html 357eq6.gif
100.09.01 08:18 B D:\NMRWeb\myweb\357eq7.gif --> bigworm.nmfiber.com /nfs/home/n/nmrweb/public_html 357eq7.gif
100.09.01 08:18 B D:\NMRWeb\myweb\357image.gif --> bigworm.nmfiber.com /nfs/home/n/nmrweb/public_html 357image.gif
100.09.01 08:18 B D:\NMRWeb\myweb\367.htm --> bigworm.nmfiber.com /nfs/home/n/nmrweb/public_html 367.htm
100.09.01 08:18 B D:\NMRWeb\myweb\367Image.gif --> bigworm.nmfiber.com /nfs/home/n/nmrweb/public_html 367Image.gif
100.09.01 08:18 B D:\NMRWeb\myweb\378-33.htm --> bigworm.nmfiber.com /nfs/home/n/nmrweb/public_html 378-33.htm
100.09.01 08:18 B D:\NMRWeb\myweb\385.htm --> bigworm.nmfiber.com /nfs/home/n/nmrweb/public_html 385.htm
100.09.01 08:18 B D:\NMRWeb\myweb\385Image.gif --> bigworm.nmfiber.com /nfs/home/n/nmrweb/public_html 385Image.gif
100.09.01 08:18 B D:\NMRWeb\myweb\388.htm --> bigworm.nmfiber.com /nfs/home/n/nmrweb/public_html 388.htm
100.09.01 08:18 B D:\NMRWeb\myweb\399.htm --> bigworm.nmfiber.com /nfs/home/n/nmrweb/public_html 399.htm
100.09.01 08:19 B D:\NMRWeb\myweb\399Image.gif --> bigworm.nmfiber.com /nfs/home/n/nmrweb/public_html 399Image.gif
100.09.01 08:19 B D:\NMRWeb\myweb\410.htm --> bigworm.nmfiber.com /nfs/home/n/nmrweb/public_html 410.htm
100.09.01 08:19 B D:\NMRWeb\myweb\410Image.gif --> bigworm.nmfiber.com /nfs/home/n/nmrweb/public_html 410Image.gif
100.09.01 08:19 B D:\NMRWeb\myweb\420.htm --> bigworm.nmfiber.com /nfs/home/n/nmrweb/public_html 420.htm
100.09.01 08:19 B D:\NMRWeb\myweb\420equ.gif --> bigworm.nmfiber.com /nfs/home/n/nmrweb/public_html 420equ.gif
100.09.01 08:19 B D:\NMRWeb\myweb\420Image.gif --> bigworm.nmfiber.com /nfs/home/n/nmrweb/public_html 420Image.gif
100.09.01 08:19 B D:\NMRWeb\myweb\431.htm --> bigworm.nmfiber.com /nfs/home/n/nmrweb/public_html 431.htm
100.09.01 08:19 B D:\NMRWeb\myweb\439.htm --> bigworm.nmfiber.com /nfs/home/n/nmrweb/public_html 439.htm
100.09.01 08:19 B D:\NMRWeb\myweb\449.htm --> bigworm.nmfiber.com /nfs/home/n/nmrweb/public_html 449.htm
100.09.01 08:19 B D:\NMRWeb\myweb\449Image.gif --> bigworm.nmfiber.com /nfs/home/n/nmrweb/public_html 449Image.gif
100.09.01 08:19 B D:\NMRWeb\myweb\459.htm --> bigworm.nmfiber.com /nfs/home/n/nmrweb/public_html 459.htm
100.09.01 08:19 B D:\NMRWeb\myweb\472-33.htm --> bigworm.nmfiber.com /nfs/home/n/nmrweb/public_html 472-33.htm
100.09.01 08:20 B D:\NMRWeb\myweb\472Image.gif --> bigworm.nmfiber.com /nfs/home/n/nmrweb/public_html 472Image.gif
100.09.01 08:22 B D:\NMRWeb\myweb\472Image.tif --> bigworm.nmfiber.com /nfs/home/n/nmrweb/public_html 472Image.tif
100.09.01 08:22 B D:\NMRWeb\myweb\500.htm --> bigworm.nmfiber.com /nfs/home/n/nmrweb/public_html 500.htm
100.09.01 08:23 B D:\NMRWeb\myweb\500.pdf --> bigworm.nmfiber.com /nfs/home/n/nmrweb/public_html 500.pdf
100.09.01 08:26 B D:\NMRWeb\myweb\500_1.eps --> bigworm.nmfiber.com /nfs/home/n/nmrweb/public_html 500_1.eps
100.09.01 08:26 B D:\NMRWeb\myweb\500_1.gif --> bigworm.nmfiber.com /nfs/home/n/nmrweb/public_html 500_1.gif
100.09.01 08:50 B D:\NMRWeb\myweb\home.htm --> bigworm.nmfiber.com /nfs/home/n/nmrweb/public_html home.htm
100.09.01 08:50 B D:\NMRWeb\myweb\index.htm --> bigworm.nmfiber.com /nfs/home/n/nmrweb/public_html index.htm
100.09.01 08:50 B D:\NMRWeb\myweb\index.html --> bigworm.nmfiber.com /nfs/home/n/nmrweb/public_html index.html
100.09.01 08:53 B D:\NMRWeb\myweb\dead.letter <-- NMRWeb /nfs/home/n/nmrweb dead.letter
100.09.01 08:58 B D:\NMRWeb\myweb\index.html <-- NMRWeb /nfs/home/n/nmrweb/public_html index.html
100.09.01 08:59 B D:\NMRWeb\myweb\menu.htm --> bigworm.nmfiber.com /nfs/home/n/nmrweb/public_html menu.htm
100.09.01 08:59 B D:\NMRWeb\myweb\nmr1.jpg --> bigworm.nmfiber.com /nfs/home/n/nmrweb/public_html nmr1.jpg
100.09.01 09:02 B D:\NMRWeb\myweb\nmrpeople.htm --> bigworm.nmfiber.com /nfs/home/n/nmrweb/public_html nmrpeople.htm
100.09.01 09:02 B D:\NMRWeb\myweb\mission.html --> bigworm.nmfiber.com /nfs/home/n/nmrweb/public_html mission.html
100.09.01 09:02 B D:\NMRWeb\myweb\PUBLICATION.GIF --> bigworm.nmfiber.com /nfs/home/n/nmrweb/public_html PUBLICATION.GIF
100.09.01 09:02 B D:\NMRWeb\myweb\publications.html --> bigworm.nmfiber.com /nfs/home/n/nmrweb/public_html publications.html
100.09.01 09:03 B D:\NMRWeb\myweb\links.html --> bigworm.nmfiber.com /nfs/home/n/nmrweb/public_html links.html
100.09.01 09:03 B D:\NMRWeb\myweb\comments.html --> bigworm.nmfiber.com /nfs/home/n/nmrweb/public_html comments.html
100.09.01 09:04 B D:\NMRWeb\myweb\journal.htm --> bigworm.nmfiber.com /nfs/home/n/nmrweb/public_html journal.htm
100.09.01 09:05 B D:\NMRWeb\myweb\presentations.htm --> bigworm.nmfiber.com /nfs/home/n/nmrweb/public_html presentations.htm
100.09.01 09:05 B D:\NMRWeb\myweb\newsletter.htm --> bigworm.nmfiber.com /nfs/home/n/nmrweb/public_html newsletter.htm
100.09.01 09:07 B D:\NMRWeb\myweb\PRL00266.pdf --> bigworm.nmfiber.com /nfs/home/n/nmrweb/public_html PRL00266.pdf
100.09.01 09:12 B D:\NMRWeb\myweb\340.htm --> bigworm.nmfiber.com /nfs/home/n/nmrweb/public_html 340.htm
100.09.01 09:12 B D:\NMRWeb\myweb\346.htm --> bigworm.nmfiber.com /nfs/home/n/nmrweb/public_html 346.htm
100.09.01 09:12 B D:\NMRWeb\myweb\346.htm --> bigworm.nmfiber.com /nfs/home/n/nmrweb/public_html 346.htm
100.09.01 09:12 B D:\NMRWeb\myweb\357.htm --> bigworm.nmfiber.com /nfs/home/n/nmrweb/public_html 357.htm
100.09.01 09:12 B D:\NMRWeb\myweb\367.htm --> bigworm.nmfiber.com /nfs/home/n/nmrweb/public_html 367.htm
100.09.01 09:12 B D:\NMRWeb\myweb\378-33.htm --> bigworm.nmfiber.com /nfs/home/n/nmrweb/public_html 378-33.htm
100.09.01 09:12 B D:\NMRWeb\myweb\385.htm --> bigworm.nmfiber.com /nfs/home/n/nmrweb/public_html 385.htm
100.09.01 09:12 B D:\NMRWeb\myweb\388.htm --> bigworm.nmfiber.com /nfs/home/n/nmrweb/public_html 388.htm
100.09.01 09:12 B D:\NMRWeb\myweb\399.htm --> bigworm.nmfiber.com /nfs/home/n/nmrweb/public_html 399.htm
100.09.01 09:12 B D:\NMRWeb\myweb\410.htm --> bigworm.nmfiber.com /nfs/home/n/nmrweb/public_html 410.htm
100.09.01 09:13 B D:\NMRWeb\myweb\420.htm --> bigworm.nmfiber.com /nfs/home/n/nmrweb/public_html 420.htm
100.09.01 09:13 B D:\NMRWeb\myweb\431.htm --> bigworm.nmfiber.com /nfs/home/n/nmrweb/public_html 431.htm
100.09.01 09:13 B D:\NMRWeb\myweb\439.htm --> bigworm.nmfiber.com /nfs/home/n/nmrweb/public_html 439.htm
100.09.01 09:13 B D:\NMRWeb\myweb\449.htm --> bigworm.nmfiber.com /nfs/home/n/nmrweb/public_html 449.htm
100.09.01 09:13 B D:\NMRWeb\myweb\459.htm --> bigworm.nmfiber.com /nfs/home/n/nmrweb/public_html 459.htm
100.09.01 09:13 B D:\NMRWeb\myweb\472-33.htm --> bigworm.nmfiber.com /nfs/home/n/nmrweb/public_html 472-33.htm
100.09.01 09:13 B D:\NMRWeb\myweb\500.htm --> bigworm.nmfiber.com /nfs/home/n/nmrweb/public_html 500.htm
100.09.01 09:14 B D:\NMRWeb\myweb\june22nmrnl.htm --> bigworm.nmfiber.com /nfs/home/n/nmrweb/public_html june22nmrnl.htm
100.09.01 09:16 B D:\NMRWeb\myweb\Image1.gif --> bigworm.nmfiber.com /nfs/home/n/nmrweb/public_html Image1.gif
100.09.01 09:16 B D:\NMRWeb\myweb\Image2.gif --> bigworm.nmfiber.com /nfs/home/n/nmrweb/public_html Image2.gif
100.09.01 09:18 B D:\NMRWeb\myweb\472Image.gif --> bigworm.nmfiber.com /nfs/home/n/nmrweb/public_html 472Image.gif
100.09.01 09:22 B D:\NMRWeb\myweb\449Image.gif --> bigworm.nmfiber.com /nfs/home/n/nmrweb/public_html 449Image.gif
100.09.01 09:23 B D:\NMRWeb\myweb\420equ.gif --> bigworm.nmfiber.com /nfs/home/n/nmrweb/public_html 420equ.gif
100.09.01 09:23 B D:\NMRWeb\myweb\420Image.gif --> bigworm.nmfiber.com /nfs/home/n/nmrweb/public_html 420Image.gif
100.09.01 09:24 B D:\NMRWeb\myweb\410Image.gif --> bigworm.nmfiber.com /nfs/home/n/nmrweb/public_html 410Image.gif
100.09.01 09:25 B D:\NMRWeb\myweb\399Image.gif --> bigworm.nmfiber.com /nfs/home/n/nmrweb/public_html 399Image.gif
100.09.01 09:27 B D:\NMRWeb\myweb\385Image.gif --> bigworm.nmfiber.com /nfs/home/n/nmrweb/public_html 385Image.gif
100.09.01 09:28 B D:\NMRWeb\myweb\367Image.gif --> bigworm.nmfiber.com /nfs/home/n/nmrweb/public_html 367Image.gif
100.09.01 09:31 B D:\NMRWeb\myweb\357eq1.gif --> bigworm.nmfiber.com /nfs/home/n/nmrweb/public_html 357eq1.gif
100.09.01 09:31 B D:\NMRWeb\myweb\357eq2.gif --> bigworm.nmfiber.com /nfs/home/n/nmrweb/public_html 357eq2.gif
100.09.01 09:31 B D:\NMRWeb\myweb\357eq3.gif --> bigworm.nmfiber.com /nfs/home/n/nmrweb/public_html 357eq3.gif
100.09.01 09:31 B D:\NMRWeb\myweb\357eq4.gif --> bigworm.nmfiber.com /nfs/home/n/nmrweb/public_html 357eq4.gif
100.09.01 09:31 B D:\NMRWeb\myweb\357eq5.gif --> bigworm.nmfiber.com /nfs/home/n/nmrweb/public_html 357eq5.gif
100.09.01 09:31 B D:\NMRWeb\myweb\357eq6.gif --> bigworm.nmfiber.com /nfs/home/n/nmrweb/public_html 357eq6.gif
100.09.01 09:31 B D:\NMRWeb\myweb\357eq7.gif --> bigworm.nmfiber.com /nfs/home/n/nmrweb/public_html 357eq7.gif
100.09.01 09:32 B D:\NMRWeb\myweb\357image.gif --> bigworm.nmfiber.com /nfs/home/n/nmrweb/public_html 357image.gif
100.09.01 09:33 B D:\NMRWeb\myweb\346Image.gif --> bigworm.nmfiber.com /nfs/home/n/nmrweb/public_html 346Image.gif
100.09.01 09:34 B D:\NMRWeb\myweb\340.htm --> bigworm.nmfiber.com /nfs/home/n/nmrweb/public_html 340.htm
100.09.01 09:34 B D:\NMRWeb\myweb\340eq1.gif --> bigworm.nmfiber.com /nfs/home/n/nmrweb/public_html 340eq1.gif
100.09.01 09:35 B D:\NMRWeb\myweb\340Image.gif --> bigworm.nmfiber.com /nfs/home/n/nmrweb/public_html 340Image.gif
100.09.01 09:38 B D:\NMRWeb\myweb\benji.htm --> bigworm.nmfiber.com /nfs/home/n/nmrweb/public_html benji.htm
100.09.01 09:38 B D:\NMRWeb\myweb\expfl16-93-2.htm --> bigworm.nmfiber.com /nfs/home/n/nmrweb/public_html expfl16-93-2.htm
100.09.01 09:38 B D:\NMRWeb\myweb\expfl16-93.htm --> bigworm.nmfiber.com /nfs/home/n/nmrweb/public_html expfl16-93.htm
100.09.01 09:39 B D:\NMRWeb\myweb\jor35-91.htm --> bigworm.nmfiber.com /nfs/home/n/nmrweb/public_html jor35-91.htm
100.09.01 09:39 B D:\NMRWeb\myweb\maginstall.htm --> bigworm.nmfiber.com /nfs/home/n/nmrweb/public_html maginstall.htm
100.09.01 09:39 B D:\NMRWeb\myweb\ratlung.htm --> bigworm.nmfiber.com /nfs/home/n/nmrweb/public_html ratlung.htm
100.09.01 09:40 B D:\NMRWeb\myweb\jortube.jpg --> bigworm.nmfiber.com /nfs/home/n/nmrweb/public_html jortube.jpg
100.09.01 09:41 B D:\NMRWeb\myweb\MSSPAM.jpg --> bigworm.nmfiber.com /nfs/home/n/nmrweb/public_html MSSPAM.jpg
100.09.01 09:42 B D:\NMRWeb\myweb\F1.jpg --> bigworm.nmfiber.com /nfs/home/n/nmrweb/public_html F1.jpg
100.09.01 09:42 B D:\NMRWeb\myweb\F2.jpg --> bigworm.nmfiber.com /nfs/home/n/nmrweb/public_html F2.jpg
100.09.01 09:42 B D:\NMRWeb\myweb\F3.jpg --> bigworm.nmfiber.com /nfs/home/n/nmrweb/public_html F3.jpg
100.09.01 09:44 B D:\NMRWeb\myweb\Magnet1.jpg --> bigworm.nmfiber.com /nfs/home/n/nmrweb/public_html Magnet1.jpg
100.09.01 09:44 B D:\NMRWeb\myweb\Magnet2.jpg --> bigworm.nmfiber.com /nfs/home/n/nmrweb/public_html Magnet2.jpg
100.09.01 09:45 B D:\NMRWeb\myweb\Magnet3.jpg --> bigworm.nmfiber.com /nfs/home/n/nmrweb/public_html Magnet3.jpg
100.09.01 09:45 B D:\NMRWeb\myweb\Magnet4.jpg --> bigworm.nmfiber.com /nfs/home/n/nmrweb/public_html Magnet4.jpg
100.09.01 09:59 B D:\NMRWeb\myweb\ratlung.jpg --> bigworm.nmfiber.com /nfs/home/n/nmrweb/public_html ratlung.jpg
100.09.01 10:03 B D:\NMRWeb\myweb\arvind.htm --> bigworm.nmfiber.com /nfs/home/n/nmrweb/public_html arvind.htm
100.09.01 10:03 B D:\NMRWeb\myweb\arvind.jpg --> bigworm.nmfiber.com /nfs/home/n/nmrweb/public_html arvind.jpg
100.09.01 10:03 B D:\NMRWeb\myweb\cathy.htm --> bigworm.nmfiber.com /nfs/home/n/nmrweb/public_html cathy.htm
100.09.01 10:04 B D:\NMRWeb\myweb\eiichi.htm --> bigworm.nmfiber.com /nfs/home/n/nmrweb/public_html eiichi.htm
100.09.01 10:04 B D:\NMRWeb\myweb\eiichi.jpg --> bigworm.nmfiber.com /nfs/home/n/nmrweb/public_html eiichi.jpg
100.09.01 10:05 B D:\NMRWeb\myweb\dean_o.htm --> bigworm.nmfiber.com /nfs/home/n/nmrweb/public_html dean_o.htm
100.09.01 10:05 B D:\NMRWeb\myweb\dokpic.jpg --> bigworm.nmfiber.com /nfs/home/n/nmrweb/public_html dokpic.jpg
100.09.01 10:09 B D:\NMRWeb\myweb\Jack.htm --> bigworm.nmfiber.com /nfs/home/n/nmrweb/public_html Jack.htm
100.09.01 10:10 B D:\NMRWeb\myweb\joe.html --> bigworm.nmfiber.com /nfs/home/n/nmrweb/public_html joe.html
100.09.01 10:10 B D:\NMRWeb\myweb\joe2.JPG --> bigworm.nmfiber.com /nfs/home/n/nmrweb/public_html joe2.JPG
100.09.01 10:11 B D:\NMRWeb\myweb\kendra.htm --> bigworm.nmfiber.com /nfs/home/n/nmrweb/public_html kendra.htm
100.09.01 10:11 B D:\NMRWeb\myweb\kendra04.jpg --> bigworm.nmfiber.com /nfs/home/n/nmrweb/public_html kendra04.jpg
100.09.01 10:14 B D:\NMRWeb\myweb\steve.htm --> bigworm.nmfiber.com /nfs/home/n/nmrweb/public_html steve.htm
100.09.01 10:14 B D:\NMRWeb\myweb\steve.jpg --> bigworm.nmfiber.com /nfs/home/n/nmrweb/public_html steve.jpg
100.09.01 10:14 B D:\NMRWeb\myweb\steven.htm --> bigworm.nmfiber.com /nfs/home/n/nmrweb/public_html steven.htm
100.09.01 10:14 B D:\NMRWeb\myweb\steven.jpg --> bigworm.nmfiber.com /nfs/home/n/nmrweb/public_html steven.jpg
100.09.01 10:18 B D:\NMRWeb\myweb\GUESTBOOK.GIF --> bigworm.nmfiber.com /nfs/home/n/nmrweb/public_html GUESTBOOK.GIF
100.09.01 12:07 B D:\NMRWeb\myweb\back.gif --> bigworm.nmfiber.com /nfs/home/n/nmrweb back.gif
100.09.01 12:07 B D:\NMRWeb\myweb\backfun.jpg --> bigworm.nmfiber.com /nfs/home/n/nmrweb backfun.jpg
100.09.01 12:08 B D:\NMRWeb\myweb\back.gif --> bigworm.nmfiber.com /nfs/home/n/nmrweb/public_html back.gif
100.09.01 12:08 B D:\NMRWeb\myweb\backfun.jpg --> bigworm.nmfiber.com /nfs/home/n/nmrweb/public_html backfun.jpg
100.09.01 12:09 B D:\NMRWeb\myweb\chilis_a.gif --> bigworm.nmfiber.com /nfs/home/n/nmrweb/public_html chilis_a.gif
100.09.01 12:18 B D:\NMRWeb\myweb\home.htm --> bigworm.nmfiber.com /nfs/home/n/nmrweb/public_html home.htm
100.09.01 12:23 B D:\NMRWeb\myweb\home.htm --> bigworm.nmfiber.com /nfs/home/n/nmrweb/public_html home.htm
100.09.01 13:47 B D:\NMRWeb\myweb\new_page_2.htm --> bigworm.nmfiber.com /nfs/home/n/nmrweb/public_html new_page_2.htm
100.09.01 13:55 B D:\NMRWeb\myweb\home.htm --> bigworm.nmfiber.com /nfs/home/n/nmrweb/public_html home.htm
100.09.01 13:59 B D:\NMRWeb\myweb\line_a.gif --> bigworm.nmfiber.com /nfs/home/n/nmrweb/public_html line_a.gif
100.09.01 14:00 B D:\NMRWeb\myweb\chilis_a.gif --> bigworm.nmfiber.com /nfs/home/n/nmrweb/public_html chilis_a.gif
100.09.01 14:03 B D:\NMRWeb\myweb\home.htm --> bigworm.nmfiber.com /nfs/home/n/nmrweb/public_html home.htm
100.09.01 14:14 B D:\NMRWeb\myweb\new_page_1.htm --> bigworm.nmfiber.com /nfs/home/n/nmrweb/public_html new_page_1.htm
100.09.01 14:28 B D:\NMRWeb\myweb\new_page_1.htm --> bigworm.nmfiber.com /nfs/home/n/nmrweb/public_html new_page_1.htm
100.09.01 14:28 B D:\NMRWeb\myweb\new_page_1.htm --> bigworm.nmfiber.com /nfs/home/n/nmrweb/public_html new_page_1.htm
100.09.01 14:31 B D:\NMRWeb\myweb\home.htm --> bigworm.nmfiber.com /nfs/home/n/nmrweb/public_html home.htm
100.09.01 14:54 B D:\NMRWeb\myweb\home.htm --> bigworm.nmfiber.com /nfs/home/n/nmrweb/public_html home.htm
100.09.01 14:55 B D:\NMRWeb\myweb\backfun.jpg --> bigworm.nmfiber.com /nfs/home/n/nmrweb/public_html backfun.jpg
100.09.01 14:59 B D:\NMRWeb\myweb\journal.htm --> bigworm.nmfiber.com /nfs/home/n/nmrweb/public_html journal.htm
100.09.01 15:01 B D:\NMRWeb\myweb\500_1.gif --> bigworm.nmfiber.com /nfs/home/n/nmrweb/public_html 500_1.gif
100.09.01 15:02 B D:\NMRWeb\myweb\500_2.gif --> bigworm.nmfiber.com /nfs/home/n/nmrweb/public_html 500_2.gif
100.09.01 16:54 B D:\NMRWeb\myweb\mission.html --> bigworm.nmfiber.com /nfs/home/n/nmrweb/public_html mission.html
100.09.01 16:56 B D:\NMRWeb\myweb\mission.html --> bigworm.nmfiber.com /nfs/home/n/nmrweb/public_html mission.html
100.09.01 17:24 B D:\NMRWeb\myweb\home.htm --> bigworm.nmfiber.com /nfs/home/n/nmrweb/public_html home.htm
100.09.01 17:24 B D:\NMRWeb\myweb\GUESTBOOK.GIF --> bigworm.nmfiber.com /nfs/home/n/nmrweb/public_html GUESTBOOK.GIF
100.09.01 17:25 B D:\NMRWeb\myweb\mission.html --> bigworm.nmfiber.com /nfs/home/n/nmrweb/public_html mission.html
100.09.01 17:25 B D:\NMRWeb\myweb\journal.htm --> bigworm.nmfiber.com /nfs/home/n/nmrweb/public_html journal.htm
100.09.01 17:26 B D:\NMRWeb\myweb\comments.html --> bigworm.nmfiber.com /nfs/home/n/nmrweb/public_html comments.html
100.09.05 11:15 B D:\NMRWeb\myweb\home.htm --> bigworm.nmfiber.com /nfs/home/n/nmrweb/public_html home.htm
100.10.12 11:29 B D:\NMRWeb\myweb\bullpen1.jpg --> bigworm.nmfiber.com /nfs/home/n/nmrweb/public_html bullpen1.jpg
100.10.12 11:30 B D:\NMRWeb\myweb\bullpen2.jpg --> bigworm.nmfiber.com /nfs/home/n/nmrweb/public_html bullpen2.jpg
100.10.12 11:30 B D:\NMRWeb\myweb\dean_o.htm --> bigworm.nmfiber.com /nfs/home/n/nmrweb/public_html dean_o.htm
100.10.12 11:31 B D:\NMRWeb\myweb\electronic.jpg --> bigworm.nmfiber.com /nfs/home/n/nmrweb/public_html electronic.jpg
100.10.12 11:31 B D:\NMRWeb\myweb\entryway.jpg --> bigworm.nmfiber.com /nfs/home/n/nmrweb/public_html entryway.jpg
100.10.12 11:32 B D:\NMRWeb\myweb\frontdoor.jpg --> bigworm.nmfiber.com /nfs/home/n/nmrweb/public_html frontdoor.jpg
100.10.12 11:32 B D:\NMRWeb\myweb\home.htm --> bigworm.nmfiber.com /nfs/home/n/nmrweb/public_html home.htm
100.10.12 11:32 B D:\NMRWeb\myweb\journal.htm --> bigworm.nmfiber.com /nfs/home/n/nmrweb/public_html journal.htm
100.10.12 11:33 B D:\NMRWeb\myweb\Kendras_Office.jpg --> bigworm.nmfiber.com /nfs/home/n/nmrweb/public_html Kendras_Office.jpg
100.10.12 11:34 B D:\NMRWeb\myweb\kimberly_dwight.jpg --> bigworm.nmfiber.com /nfs/home/n/nmrweb/public_html kimberly_dwight.jpg
100.10.12 11:34 B D:\NMRWeb\myweb\Lab.jpg --> bigworm.nmfiber.com /nfs/home/n/nmrweb/public_html Lab.jpg
100.10.12 11:34 B D:\NMRWeb\myweb\journal.htm --> bigworm.nmfiber.com /nfs/home/n/nmrweb/public_html journal.htm
100.10.12 11:34 B D:\NMRWeb\myweb\photo_gallery.htm --> bigworm.nmfiber.com /nfs/home/n/nmrweb/public_html photo_gallery.htm
100.10.12 11:35 B D:\NMRWeb\myweb\presentations.htm --> bigworm.nmfiber.com /nfs/home/n/nmrweb/public_html presentations.htm
100.10.12 11:35 B D:\NMRWeb\myweb\publications.html --> bigworm.nmfiber.com /nfs/home/n/nmrweb/public_html publications.html
100.10.12 11:36 B D:\NMRWeb\myweb\shop1.jpg --> bigworm.nmfiber.com /nfs/home/n/nmrweb/public_html shop1.jpg
100.10.12 11:36 B D:\NMRWeb\myweb\shop2.jpg --> bigworm.nmfiber.com /nfs/home/n/nmrweb/public_html shop2.jpg
100.10.12 11:47 B D:\NMRWeb\myweb\presentations.htm --> bigworm.nmfiber.com /nfs/home/n/nmrweb/public_html presentations.htm
100.10.23 13:18 B D:\NMRWeb\myweb\home.htm --> bigworm.nmfiber.com /nfs/home/n/nmrweb/public_html home.htm
100.10.23 13:18 B D:\NMRWeb\myweb\links.html --> bigworm.nmfiber.com /nfs/home/n/nmrweb/public_html links.html
100.11.02 11:56 B D:\NMRWeb\myweb\home.htm --> bigworm.nmfiber.com /nfs/home/n/nmrweb/public_html home.htm
100.11.02 11:59 B D:\NMRWeb\myweb\presentations.htm --> bigworm.nmfiber.com /nfs/home/n/nmrweb/public_html presentations.htm
100.11.30 16:59 B D:\NMRWeb\myweb\comments.html --> bigworm.nmfiber.com /nfs/home/n/nmrweb/public_html comments.html
100.11.30 17:03 B D:\NMRWeb\myweb\comments.html --> bigworm.nmfiber.com /nfs/home/n/nmrweb/public_html comments.html
100.11.30 17:03 B D:\NMRWeb\myweb\home.htm --> bigworm.nmfiber.com /nfs/home/n/nmrweb/public_html home.htm
100.12.01 10:18 B D:\NMRWeb\myweb\comments.html --> bigworm.nmfiber.com /nfs/home/n/nmrweb/public_html comments.html
100.12.11 10:39 B D:\NMRWeb\myweb\mission.html --> bigworm.nmfiber.com /nfs/home/n/nmrweb/public_html mission.html
100.12.11 10:40 B D:\NMRWeb\myweb\nmrpeople.htm --> bigworm.nmfiber.com /nfs/home/n/nmrweb/public_html nmrpeople.htm
100.12.11 11:07 B D:\NMRWeb\myweb\mission.html --> bigworm.nmfiber.com /nfs/home/n/nmrweb/public_html mission.html
2001.01.11 16:06 B D:\NMRWeb\myweb\nmrpeople.htm --> bigworm.nmfiber.com /nfs/home/n/nmrweb/public_html nmrpeople.htm
2001.01.11 16:06 B D:\NMRWeb\myweb\comments.html --> bigworm.nmfiber.com /nfs/home/n/nmrweb/public_html comments.html
2001.01.16 11:45 B D:\NMRWeb\myweb\arvind.htm --> bigworm.nmfiber.com /nfs/home/n/nmrweb/public_html arvind.htm
2001.01.16 11:45 B D:\NMRWeb\myweb\arvind_new.jpg --> bigworm.nmfiber.com /nfs/home/n/nmrweb/public_html arvind_new.jpg
2001.01.16 11:45 B D:\NMRWeb\myweb\group011201.jpg --> bigworm.nmfiber.com /nfs/home/n/nmrweb/public_html group011201.jpg
2001.01.16 11:46 B D:\NMRWeb\myweb\home.htm --> bigworm.nmfiber.com /nfs/home/n/nmrweb/public_html home.htm
2001.01.16 11:46 B D:\NMRWeb\myweb\journal.htm --> bigworm.nmfiber.com /nfs/home/n/nmrweb/public_html journal.htm
2001.01.16 11:46 B D:\NMRWeb\myweb\photo_gallery.htm --> bigworm.nmfiber.com /nfs/home/n/nmrweb/public_html photo_gallery.htm
2001.01.16 11:46 B D:\NMRWeb\myweb\nmrpeople.htm --> bigworm.nmfiber.com /nfs/home/n/nmrweb/public_html nmrpeople.htm
2001.02.02 12:03 B D:\NMRWeb\myweb\nmrpeople.htm --> bigworm.nmfiber.com /nfs/home/n/nmrweb/public_html nmrpeople.htm
2001.02.20 16:03 B D:\NMRWeb\myweb\nmrpeople.htm --> bigworm.nmfiber.com /public_html nmrpeople.htm
2001.02.20 16:03 B D:\NMRWeb\myweb\patti.htm --> bigworm.nmfiber.com /public_html patti.htm
2001.02.20 16:04 B D:\NMRWeb\myweb\patti.jpg --> bigworm.nmfiber.com /public_html patti.jpg
2001.02.20 16:04 B D:\NMRWeb\myweb\home.htm --> bigworm.nmfiber.com /public_html home.htm
2001.02.20 16:45 B D:\NMRWeb\myweb\nmrpeople.htm --> bigworm.nmfiber.com /public_html nmrpeople.htm
2001.02.27 16:42 B D:\NMRWeb\myweb\cathy.htm --> bigworm.nmfiber.com /public_html cathy.htm
2001.02.27 16:42 B D:\NMRWeb\myweb\Cathy_01.jpg --> bigworm.nmfiber.com /public_html Cathy_01.jpg
2001.02.27 16:42 B D:\NMRWeb\myweb\home.htm --> bigworm.nmfiber.com /public_html home.htm
2001.02.27 16:42 B D:\NMRWeb\myweb\Jack.htm --> bigworm.nmfiber.com /public_html Jack.htm
2001.02.27 16:43 B D:\NMRWeb\myweb\Jack_022201.jpg --> bigworm.nmfiber.com /public_html Jack_022201.jpg
2001.02.27 16:43 B D:\NMRWeb\myweb\nmrpeople.htm --> bigworm.nmfiber.com /public_html nmrpeople.htm
2001.02.27 16:43 B D:\NMRWeb\myweb\patti.htm --> bigworm.nmfiber.com /public_html patti.htm
2001.02.27 16:43 B D:\NMRWeb\myweb\patti.jpg --> bigworm.nmfiber.com /public_html patti.jpg
2001.02.27 16:44 B D:\NMRWeb\myweb\Rob.htm --> bigworm.nmfiber.com /public_html Rob.htm
2001.02.27 16:44 B D:\NMRWeb\myweb\Rob_01.jpg --> bigworm.nmfiber.com /public_html Rob_01.jpg
2001.02.27 16:44 B D:\NMRWeb\myweb\sarah.htm --> bigworm.nmfiber.com /public_html sarah.htm
2001.02.27 16:44 B D:\NMRWeb\myweb\Sarah_022201.jpg --> bigworm.nmfiber.com /public_html Sarah_022201.jpg
2001.02.28 10:10 B d:\nmrweb\myweb\home.htm --> bigworm.nmfiber.com /public_html home.htm
2001.02.28 12:04 B d:\nmrweb\myweb\presentations.htm --> bigworm.nmfiber.com /public_html presentations.htm
2001.03.07 13:52 B d:\nmrweb\myweb\arminmarco.jpg --> bigworm.nmfiber.com /public_html arminmarco.jpg
2001.03.07 13:52 B d:\nmrweb\myweb\Braunen.jpg --> bigworm.nmfiber.com /public_html Braunen.jpg
2001.03.07 13:52 B d:\nmrweb\myweb\mission.html --> bigworm.nmfiber.com /public_html mission.html
2001.03.07 13:53 B d:\nmrweb\myweb\nmrpeople.htm --> bigworm.nmfiber.com /public_html nmrpeople.htm
2001.03.07 13:53 B d:\nmrweb\myweb\steven.htm --> bigworm.nmfiber.com /public_html steven.htm
2001.03.07 13:53 B d:\nmrweb\myweb\Steven2.jpg --> bigworm.nmfiber.com /public_html Steven2.jpg
2001.03.07 13:56 B d:\nmrweb\myweb\home.htm --> bigworm.nmfiber.com / home.htm
2001.03.07 13:56 B d:\nmrweb\myweb\nmrpeople.htm --> bigworm.nmfiber.com /public_html nmrpeople.htm
2001.03.07 13:57 B d:\nmrweb\myweb\nmrpeople.htm --> bigworm.nmfiber.com /public_html nmrpeople.htm
2001.03.07 13:59 B d:\nmrweb\myweb\nmrpeople.htm --> bigworm.nmfiber.com /public_html nmrpeople.htm
2001.03.07 14:02 B d:\nmrweb\myweb\nmrpeople.htm --> bigworm.nmfiber.com /public_html nmrpeople.htm
2001.03.07 14:03 B d:\nmrweb\myweb\student.htm --> bigworm.nmfiber.com /public_html student.htm
2001.04.09 11:22 B d:\nmrweb\myweb\nmrpeople.htm --> bigworm.nmfiber.com /public_html nmrpeople.htm
2001.05.02 11:37 B D:\NMRWeb\myweb\340.htm --> 192.168.1.98 /export/home/cclewett/myweb 340.htm
2001.05.02 11:37 B D:\NMRWeb\myweb\340eq1.gif --> 192.168.1.98 /export/home/cclewett/myweb 340eq1.gif
2001.05.02 11:37 B D:\NMRWeb\myweb\340Image.gif --> 192.168.1.98 /export/home/cclewett/myweb 340Image.gif
2001.05.02 11:37 B D:\NMRWeb\myweb\346.htm --> 192.168.1.98 /export/home/cclewett/myweb 346.htm
2001.05.02 11:37 B D:\NMRWeb\myweb\346Image.gif --> 192.168.1.98 /export/home/cclewett/myweb 346Image.gif
2001.05.02 11:37 B D:\NMRWeb\myweb\34min.jpg --> 192.168.1.98 /export/home/cclewett/myweb 34min.jpg
2001.05.02 11:37 B D:\NMRWeb\myweb\357.htm --> 192.168.1.98 /export/home/cclewett/myweb 357.htm
2001.05.02 11:37 B D:\NMRWeb\myweb\357eq1.gif --> 192.168.1.98 /export/home/cclewett/myweb 357eq1.gif
2001.05.02 11:37 B D:\NMRWeb\myweb\357eq2.gif --> 192.168.1.98 /export/home/cclewett/myweb 357eq2.gif
2001.05.02 11:37 B D:\NMRWeb\myweb\357eq3.gif --> 192.168.1.98 /export/home/cclewett/myweb 357eq3.gif
2001.05.02 11:37 B D:\NMRWeb\myweb\357eq4.gif --> 192.168.1.98 /export/home/cclewett/myweb 357eq4.gif
2001.05.02 11:37 B D:\NMRWeb\myweb\357eq5.gif --> 192.168.1.98 /export/home/cclewett/myweb 357eq5.gif
2001.05.02 11:37 B D:\NMRWeb\myweb\357eq6.gif --> 192.168.1.98 /export/home/cclewett/myweb 357eq6.gif
2001.05.02 11:37 B D:\NMRWeb\myweb\357eq7.gif --> 192.168.1.98 /export/home/cclewett/myweb 357eq7.gif
2001.05.02 11:37 B D:\NMRWeb\myweb\357image.gif --> 192.168.1.98 /export/home/cclewett/myweb 357image.gif
2001.05.02 11:37 B D:\NMRWeb\myweb\367.htm --> 192.168.1.98 /export/home/cclewett/myweb 367.htm
2001.05.02 11:37 B D:\NMRWeb\myweb\367Image.gif --> 192.168.1.98 /export/home/cclewett/myweb 367Image.gif
2001.05.02 11:37 B D:\NMRWeb\myweb\378-33.htm --> 192.168.1.98 /export/home/cclewett/myweb 378-33.htm
2001.05.02 11:37 B D:\NMRWeb\myweb\385.htm --> 192.168.1.98 /export/home/cclewett/myweb 385.htm
2001.05.02 11:37 B D:\NMRWeb\myweb\385Image.gif --> 192.168.1.98 /export/home/cclewett/myweb 385Image.gif
2001.05.02 11:37 B D:\NMRWeb\myweb\388.htm --> 192.168.1.98 /export/home/cclewett/myweb 388.htm
2001.05.02 11:37 B D:\NMRWeb\myweb\399.htm --> 192.168.1.98 /export/home/cclewett/myweb 399.htm
2001.05.02 11:37 B D:\NMRWeb\myweb\399Image.gif --> 192.168.1.98 /export/home/cclewett/myweb 399Image.gif
2001.05.02 11:37 B D:\NMRWeb\myweb\410.htm --> 192.168.1.98 /export/home/cclewett/myweb 410.htm
2001.05.02 11:37 B D:\NMRWeb\myweb\410Image.gif --> 192.168.1.98 /export/home/cclewett/myweb 410Image.gif
2001.05.02 11:37 B D:\NMRWeb\myweb\420.htm --> 192.168.1.98 /export/home/cclewett/myweb 420.htm
2001.05.02 11:37 B D:\NMRWeb\myweb\420equ.gif --> 192.168.1.98 /export/home/cclewett/myweb 420equ.gif
2001.05.02 11:37 B D:\NMRWeb\myweb\420Image.gif --> 192.168.1.98 /export/home/cclewett/myweb 420Image.gif
2001.05.02 11:37 B D:\NMRWeb\myweb\431.htm --> 192.168.1.98 /export/home/cclewett/myweb 431.htm
2001.05.02 11:37 B D:\NMRWeb\myweb\439.htm --> 192.168.1.98 /export/home/cclewett/myweb 439.htm
2001.05.02 11:37 B D:\NMRWeb\myweb\449.htm --> 192.168.1.98 /export/home/cclewett/myweb 449.htm
2001.05.02 11:37 B D:\NMRWeb\myweb\449Image.gif --> 192.168.1.98 /export/home/cclewett/myweb 449Image.gif
2001.05.02 11:37 B D:\NMRWeb\myweb\459.htm --> 192.168.1.98 /export/home/cclewett/myweb 459.htm
2001.05.02 11:37 B D:\NMRWeb\myweb\472-33.htm --> 192.168.1.98 /export/home/cclewett/myweb 472-33.htm
2001.05.02 11:37 B D:\NMRWeb\myweb\472Image.gif --> 192.168.1.98 /export/home/cclewett/myweb 472Image.gif
2001.05.02 11:37 B D:\NMRWeb\myweb\500.htm --> 192.168.1.98 /export/home/cclewett/myweb 500.htm
2001.05.02 11:37 B D:\NMRWeb\myweb\500_1.gif --> 192.168.1.98 /export/home/cclewett/myweb 500_1.gif
2001.05.02 11:37 B D:\NMRWeb\myweb\500_2.gif --> 192.168.1.98 /export/home/cclewett/myweb 500_2.gif
2001.05.02 11:37 B D:\NMRWeb\myweb\510.gif --> 192.168.1.98 /export/home/cclewett/myweb 510.gif
2001.05.02 11:37 B D:\NMRWeb\myweb\acoma25.gif --> 192.168.1.98 /export/home/cclewett/myweb acoma25.gif
2001.05.02 11:37 B D:\NMRWeb\myweb\acoma47b.gif --> 192.168.1.98 /export/home/cclewett/myweb acoma47b.gif
2001.05.02 11:37 B D:\NMRWeb\myweb\arminmarco.jpg --> 192.168.1.98 /export/home/cclewett/myweb arminmarco.jpg
2001.05.02 11:37 B D:\NMRWeb\myweb\arvind.htm --> 192.168.1.98 /export/home/cclewett/myweb arvind.htm
2001.05.02 11:37 B D:\NMRWeb\myweb\arvind.jpg --> 192.168.1.98 /export/home/cclewett/myweb arvind.jpg
2001.05.02 11:37 B D:\NMRWeb\myweb\arvind_new.jpg --> 192.168.1.98 /export/home/cclewett/myweb arvind_new.jpg
2001.05.02 11:37 B D:\NMRWeb\myweb\back.gif --> 192.168.1.98 /export/home/cclewett/myweb back.gif
2001.05.02 11:37 B D:\NMRWeb\myweb\backfun.jpg --> 192.168.1.98 /export/home/cclewett/myweb backfun.jpg
2001.05.02 11:37 B D:\NMRWeb\myweb\benji.htm --> 192.168.1.98 /export/home/cclewett/myweb benji.htm
2001.05.02 11:37 B D:\NMRWeb\myweb\Braunen.jpg --> 192.168.1.98 /export/home/cclewett/myweb Braunen.jpg
2001.05.02 11:37 B D:\NMRWeb\myweb\bullpen1.jpg --> 192.168.1.98 /export/home/cclewett/myweb bullpen1.jpg
2001.05.02 11:37 B D:\NMRWeb\myweb\bullpen2.jpg --> 192.168.1.98 /export/home/cclewett/myweb bullpen2.jpg
2001.05.02 11:37 B D:\NMRWeb\myweb\bwave.GIF --> 192.168.1.98 /export/home/cclewett/myweb bwave.GIF
2001.05.02 11:37 B D:\NMRWeb\myweb\cathy.htm --> 192.168.1.98 /export/home/cclewett/myweb cathy.htm
2001.05.02 11:37 B D:\NMRWeb\myweb\Cathy_01.jpg --> 192.168.1.98 /export/home/cclewett/myweb Cathy_01.jpg
2001.05.02 11:37 B D:\NMRWeb\myweb\chilis_a.gif --> 192.168.1.98 /export/home/cclewett/myweb chilis_a.gif
2001.05.02 11:37 B D:\NMRWeb\myweb\comments.html --> 192.168.1.98 /export/home/cclewett/myweb comments.html
2001.05.02 11:37 B D:\NMRWeb\myweb\corrnm1.doc --> 192.168.1.98 /export/home/cclewett/myweb corrnm1.doc
2001.05.02 11:37 B D:\NMRWeb\myweb\dean_o.htm --> 192.168.1.98 /export/home/cclewett/myweb dean_o.htm
2001.05.02 11:37 B D:\NMRWeb\myweb\dokpic.jpg --> 192.168.1.98 /export/home/cclewett/myweb dokpic.jpg
2001.05.02 11:37 B D:\NMRWeb\myweb\eiichi.htm --> 192.168.1.98 /export/home/cclewett/myweb eiichi.htm
2001.05.02 11:37 B D:\NMRWeb\myweb\eiichi.jpg --> 192.168.1.98 /export/home/cclewett/myweb eiichi.jpg
2001.05.02 11:37 B D:\NMRWeb\myweb\electronic.jpg --> 192.168.1.98 /export/home/cclewett/myweb electronic.jpg
2001.05.02 11:37 B D:\NMRWeb\myweb\entryway.jpg --> 192.168.1.98 /export/home/cclewett/myweb entryway.jpg
2001.05.02 11:37 B D:\NMRWeb\myweb\expfl16-93-2.htm --> 192.168.1.98 /export/home/cclewett/myweb expfl16-93-2.htm
2001.05.02 11:37 B D:\NMRWeb\myweb\expfl16-93.htm --> 192.168.1.98 /export/home/cclewett/myweb expfl16-93.htm
2001.05.02 11:37 B D:\NMRWeb\myweb\F1.jpg --> 192.168.1.98 /export/home/cclewett/myweb F1.jpg
2001.05.02 11:37 B D:\NMRWeb\myweb\F2.jpg --> 192.168.1.98 /export/home/cclewett/myweb F2.jpg
2001.05.02 11:37 B D:\NMRWeb\myweb\F3.jpg --> 192.168.1.98 /export/home/cclewett/myweb F3.jpg
2001.05.02 11:37 B D:\NMRWeb\myweb\fpcntclt.btl --> 192.168.1.98 /export/home/cclewett/myweb fpcntclt.btl
2001.05.02 11:37 B D:\NMRWeb\myweb\frontdoor.jpg --> 192.168.1.98 /export/home/cclewett/myweb frontdoor.jpg
2001.05.02 11:37 B D:\NMRWeb\myweb\group011201.jpg --> 192.168.1.98 /export/home/cclewett/myweb group011201.jpg
2001.05.02 11:37 B D:\NMRWeb\myweb\GUESTBOOK.GIF --> 192.168.1.98 /export/home/cclewett/myweb GUESTBOOK.GIF
2001.05.02 11:37 B D:\NMRWeb\myweb\hane_a.gif --> 192.168.1.98 /export/home/cclewett/myweb hane_a.gif
2001.05.02 11:37 B D:\NMRWeb\myweb\hello.gif --> 192.168.1.98 /export/home/cclewett/myweb hello.gif
2001.05.02 11:37 B D:\NMRWeb\myweb\home.htm --> 192.168.1.98 /export/home/cclewett/myweb home.htm
2001.05.02 11:37 B D:\NMRWeb\myweb\homeold.htm --> 192.168.1.98 /export/home/cclewett/myweb homeold.htm
2001.05.02 11:37 B D:\NMRWeb\myweb\Image1.gif --> 192.168.1.98 /export/home/cclewett/myweb Image1.gif
2001.05.02 11:37 B D:\NMRWeb\myweb\Image2.gif --> 192.168.1.98 /export/home/cclewett/myweb Image2.gif
2001.05.02 11:37 B D:\NMRWeb\myweb\index.htm --> 192.168.1.98 /export/home/cclewett/myweb index.htm
2001.05.02 11:37 B D:\NMRWeb\myweb\index.html --> 192.168.1.98 /export/home/cclewett/myweb index.html
2001.05.02 11:37 B D:\NMRWeb\myweb\Jack.htm --> 192.168.1.98 /export/home/cclewett/myweb Jack.htm
2001.05.02 11:37 B D:\NMRWeb\myweb\Jack_022201.jpg --> 192.168.1.98 /export/home/cclewett/myweb Jack_022201.jpg
2001.05.02 11:37 B D:\NMRWeb\myweb\joe.html --> 192.168.1.98 /export/home/cclewett/myweb joe.html
2001.05.02 11:37 B D:\NMRWeb\myweb\joe2.JPG --> 192.168.1.98 /export/home/cclewett/myweb joe2.JPG
2001.05.02 11:37 B D:\NMRWeb\myweb\jor35-91.htm --> 192.168.1.98 /export/home/cclewett/myweb jor35-91.htm
2001.05.02 11:37 B D:\NMRWeb\myweb\jortube.jpg --> 192.168.1.98 /export/home/cclewett/myweb jortube.jpg
2001.05.02 11:37 B D:\NMRWeb\myweb\journal.htm --> 192.168.1.98 /export/home/cclewett/myweb journal.htm
2001.05.02 11:37 B D:\NMRWeb\myweb\june22nmrnl.htm --> 192.168.1.98 /export/home/cclewett/myweb june22nmrnl.htm
2001.05.02 11:37 B D:\NMRWeb\myweb\Kendra's Office.jpg --> 192.168.1.98 /export/home/cclewett/myweb Kendra's Office.jpg
2001.05.02 11:37 B D:\NMRWeb\myweb\kendra.htm --> 192.168.1.98 /export/home/cclewett/myweb kendra.htm
2001.05.02 11:37 B D:\NMRWeb\myweb\kendra04.jpg --> 192.168.1.98 /export/home/cclewett/myweb kendra04.jpg
2001.05.02 11:37 B D:\NMRWeb\myweb\Kendras_Office.jpg --> 192.168.1.98 /export/home/cclewett/myweb Kendras_Office.jpg
2001.05.02 11:37 B D:\NMRWeb\myweb\kimberly_dwight.jpg --> 192.168.1.98 /export/home/cclewett/myweb kimberly_dwight.jpg
2001.05.02 11:37 B D:\NMRWeb\myweb\Lab.jpg --> 192.168.1.98 /export/home/cclewett/myweb Lab.jpg
2001.05.02 11:37 B D:\NMRWeb\myweb\line_a.gif --> 192.168.1.98 /export/home/cclewett/myweb line_a.gif
2001.05.02 11:37 B D:\NMRWeb\myweb\links.html --> 192.168.1.98 /export/home/cclewett/myweb links.html
2001.05.02 11:38 B D:\NMRWeb\myweb\littleNMRgroup14.jpg --> 192.168.1.98 /export/home/cclewett/myweb littleNMRgroup14.jpg
2001.05.02 11:38 B D:\NMRWeb\myweb\maginstall.htm --> 192.168.1.98 /export/home/cclewett/myweb maginstall.htm
2001.05.02 11:38 B D:\NMRWeb\myweb\Magnet1.jpg --> 192.168.1.98 /export/home/cclewett/myweb Magnet1.jpg
2001.05.02 11:38 B D:\NMRWeb\myweb\Magnet2.jpg --> 192.168.1.98 /export/home/cclewett/myweb Magnet2.jpg
2001.05.02 11:38 B D:\NMRWeb\myweb\Magnet3.jpg --> 192.168.1.98 /export/home/cclewett/myweb Magnet3.jpg
2001.05.02 11:38 B D:\NMRWeb\myweb\Magnet4.jpg --> 192.168.1.98 /export/home/cclewett/myweb Magnet4.jpg
2001.05.02 11:38 B D:\NMRWeb\myweb\menu.htm --> 192.168.1.98 /export/home/cclewett/myweb menu.htm
2001.05.02 11:38 B D:\NMRWeb\myweb\mission.html --> 192.168.1.98 /export/home/cclewett/myweb mission.html
2001.05.02 11:38 B D:\NMRWeb\myweb\mission_rewrite.html --> 192.168.1.98 /export/home/cclewett/myweb mission_rewrite.html
2001.05.02 11:38 B D:\NMRWeb\myweb\MSSPAM.jpg --> 192.168.1.98 /export/home/cclewett/myweb MSSPAM.jpg
2001.05.02 11:38 B D:\NMRWeb\myweb\new.gif --> 192.168.1.98 /export/home/cclewett/myweb new.gif
2001.05.02 11:38 B D:\NMRWeb\myweb\newsletter.htm --> 192.168.1.98 /export/home/cclewett/myweb newsletter.htm
2001.05.02 11:38 B D:\NMRWeb\myweb\nm12.jpg --> 192.168.1.98 /export/home/cclewett/myweb nm12.jpg
2001.05.02 11:38 B D:\NMRWeb\myweb\nmr1.jpg --> 192.168.1.98 /export/home/cclewett/myweb nmr1.jpg
2001.05.02 11:38 B D:\NMRWeb\myweb\nmrlogo.gif --> 192.168.1.98 /export/home/cclewett/myweb nmrlogo.gif
2001.05.02 11:38 B D:\NMRWeb\myweb\nmrlogo1.gif --> 192.168.1.98 /export/home/cclewett/myweb nmrlogo1.gif
2001.05.02 11:38 B D:\NMRWeb\myweb\nmrpeople.htm --> 192.168.1.98 /export/home/cclewett/myweb nmrpeople.htm
2001.05.02 11:38 B D:\NMRWeb\myweb\old_guestbook.htm --> 192.168.1.98 /export/home/cclewett/myweb old_guestbook.htm
2001.05.02 11:38 B D:\NMRWeb\myweb\page21.htm --> 192.168.1.98 /export/home/cclewett/myweb page21.htm
2001.05.02 11:38 B D:\NMRWeb\myweb\patti.htm --> 192.168.1.98 /export/home/cclewett/myweb patti.htm
2001.05.02 11:38 B D:\NMRWeb\myweb\patti.jpg --> 192.168.1.98 /export/home/cclewett/myweb patti.jpg
2001.05.02 11:38 B D:\NMRWeb\myweb\Patti_022001.jpg --> 192.168.1.98 /export/home/cclewett/myweb Patti_022001.jpg
2001.05.02 11:38 B D:\NMRWeb\myweb\photo_gallery.htm --> 192.168.1.98 /export/home/cclewett/myweb photo_gallery.htm
2001.05.02 11:38 B D:\NMRWeb\myweb\pof6-94.htm --> 192.168.1.98 /export/home/cclewett/myweb pof6-94.htm
2001.05.02 11:38 B D:\NMRWeb\myweb\presentations.htm --> 192.168.1.98 /export/home/cclewett/myweb presentations.htm
2001.05.02 11:38 B D:\NMRWeb\myweb\PRL00266.pdf --> 192.168.1.98 /export/home/cclewett/myweb PRL00266.pdf
2001.05.02 11:38 B D:\NMRWeb\myweb\PUBLICATION.GIF --> 192.168.1.98 /export/home/cclewett/myweb PUBLICATION.GIF
2001.05.02 11:38 B D:\NMRWeb\myweb\publications.html --> 192.168.1.98 /export/home/cclewett/myweb publications.html
2001.05.02 11:38 B D:\NMRWeb\myweb\ratlung.htm --> 192.168.1.98 /export/home/cclewett/myweb ratlung.htm
2001.05.02 11:38 B D:\NMRWeb\myweb\ratlung.jpg --> 192.168.1.98 /export/home/cclewett/myweb ratlung.jpg
2001.05.02 11:38 B D:\NMRWeb\myweb\Rob.htm --> 192.168.1.98 /export/home/cclewett/myweb Rob.htm
2001.05.02 11:38 B D:\NMRWeb\myweb\Rob_01.jpg --> 192.168.1.98 /export/home/cclewett/myweb Rob_01.jpg
2001.05.02 11:38 B D:\NMRWeb\myweb\sarah.htm --> 192.168.1.98 /export/home/cclewett/myweb sarah.htm
2001.05.02 11:38 B D:\NMRWeb\myweb\Sarah_022201.jpg --> 192.168.1.98 /export/home/cclewett/myweb Sarah_022201.jpg
2001.05.02 11:38 B D:\NMRWeb\myweb\secret.html --> 192.168.1.98 /export/home/cclewett/myweb secret.html
2001.05.02 11:38 B D:\NMRWeb\myweb\shop1.jpg --> 192.168.1.98 /export/home/cclewett/myweb shop1.jpg
2001.05.02 11:38 B D:\NMRWeb\myweb\shop2.jpg --> 192.168.1.98 /export/home/cclewett/myweb shop2.jpg
2001.05.02 11:38 B D:\NMRWeb\myweb\static.gif --> 192.168.1.98 /export/home/cclewett/myweb static.gif
2001.05.02 11:38 B D:\NMRWeb\myweb\steve.htm --> 192.168.1.98 /export/home/cclewett/myweb steve.htm
2001.05.02 11:38 B D:\NMRWeb\myweb\steve.jpg --> 192.168.1.98 /export/home/cclewett/myweb steve.jpg
2001.05.02 11:38 B D:\NMRWeb\myweb\steven.htm --> 192.168.1.98 /export/home/cclewett/myweb steven.htm
2001.05.02 11:38 B D:\NMRWeb\myweb\steven.jpg --> 192.168.1.98 /export/home/cclewett/myweb steven.jpg
2001.05.02 11:38 B D:\NMRWeb\myweb\Steven2.jpg --> 192.168.1.98 /export/home/cclewett/myweb Steven2.jpg
2001.05.02 11:38 B D:\NMRWeb\myweb\student.htm --> 192.168.1.98 /export/home/cclewett/myweb student.htm
2001.05.02 11:38 B D:\NMRWeb\myweb\talks.htm --> 192.168.1.98 /export/home/cclewett/myweb talks.htm
2001.05.02 11:38 B D:\NMRWeb\myweb\tour.htm --> 192.168.1.98 /export/home/cclewett/myweb tour.htm
2001.05.02 11:38 B D:\NMRWeb\myweb\tour1.htm --> 192.168.1.98 /export/home/cclewett/myweb tour1.htm
2001.05.02 11:38 B D:\NMRWeb\myweb\WS_FTP.LOG --> 192.168.1.98 /export/home/cclewett/myweb WS_FTP.LOG
2001.05.04 10:26 B d:\nmrweb\myweb\510.gif --> bigworm.nmfiber.com /public_html 510.gif
2001.05.04 10:26 B d:\nmrweb\myweb\arminmarco.jpg --> bigworm.nmfiber.com /public_html arminmarco.jpg
2001.05.04 10:26 B d:\nmrweb\myweb\cathy.htm --> bigworm.nmfiber.com /public_html cathy.htm
2001.05.04 10:27 B d:\nmrweb\myweb\presentations.htm --> bigworm.nmfiber.com /public_html presentations.htm
2001.05.04 10:27 B d:\nmrweb\myweb\newsletter.htm --> bigworm.nmfiber.com /public_html newsletter.htm
2001.05.04 10:28 B d:\nmrweb\myweb\newsletter.htm --> bigworm.nmfiber.com /public_html newsletter.htm
2001.05.04 10:28 B d:\nmrweb\myweb\newsletter.htm --> bigworm.nmfiber.com /public_html newsletter.htm
2001.05.04 10:29 B d:\nmrweb\myweb\presentations.htm --> bigworm.nmfiber.com /public_html presentations.htm
2001.05.14 12:53 B d:\nmrweb\myweb\nmrpeople.htm --> bigworm.nmfiber.com /public_html nmrpeople.htm
2001.05.17 12:19 B D:\NMRWeb\myweb\home.htm --> laura.nmr.org /usr/local/apache/htdocs home.htm
2001.05.17 12:19 B D:\NMRWeb\myweb\nmrpeople.htm --> laura.nmr.org /usr/local/apache/htdocs nmrpeople.htm
2001.05.17 14:38 B d:\NMRWeb\myweb\steven.htm --> laura.nmr.org /usr/local/apache/htdocs steven.htm
2001.05.17 14:39 B d:\NMRWeb\myweb\joe.html --> laura.nmr.org /usr/local/apache/htdocs joe.html
2001.05.17 17:03 B d:\NMRWeb\myweb\steven.htm --> laura.nmr.org /usr/local/apache/htdocs steven.htm
2001.05.30 11:02 B d:\NMRWeb\myweb\photo_gallery1.htm --> laura.nmr.org /usr/local/apache/htdocs photo_gallery1.htm
2001.05.30 11:02 B d:\NMRWeb\myweb\home.htm --> laura.nmr.org /usr/local/apache/htdocs home.htm
2001.05.30 11:02 B d:\NMRWeb\myweb\installthumb.jpg --> laura.nmr.org /usr/local/apache/htdocs installthumb.jpg
2001.05.30 11:02 B d:\NMRWeb\myweb\maginstall.htm --> laura.nmr.org /usr/local/apache/htdocs maginstall.htm
2001.05.30 11:02 B d:\NMRWeb\myweb\frontdoorthumb.jpg --> laura.nmr.org /usr/local/apache/htdocs frontdoorthumb.jpg
2001.05.30 11:02 B d:\NMRWeb\myweb\nmrpeople.htm --> laura.nmr.org /usr/local/apache/htdocs nmrpeople.htm
2001.05.30 11:21 B d:\NMRWeb\myweb\home.htm --> laura.nmr.org /usr/local/apache/htdocs home.htm
2001.05.30 11:21 B d:\NMRWeb\myweb\newsletter.htm --> laura.nmr.org /usr/local/apache/htdocs newsletter.htm
2001.05.30 11:21 B d:\NMRWeb\myweb\menu.htm --> laura.nmr.org /usr/local/apache/htdocs menu.htm
2001.05.30 11:21 B d:\NMRWeb\myweb\index.htm --> laura.nmr.org /usr/local/apache/htdocs index.htm
2001.06.20 12:30 B d:\NMRWeb\myweb\Magnet reinstall 2001.htm --> laura.nmr.org /usr/local/apache/htdocs Magnet reinstall 2001.htm
2001.06.20 12:30 B d:\NMRWeb\myweb\nmrpeople.htm --> laura.nmr.org /usr/local/apache/htdocs nmrpeople.htm
2001.06.20 12:30 B d:\NMRWeb\myweb\index.html --> laura.nmr.org /usr/local/apache/htdocs index.html
2001.06.20 12:30 B d:\NMRWeb\myweb\presentations.htm --> laura.nmr.org /usr/local/apache/htdocs presentations.htm
2001.06.20 12:30 B d:\NMRWeb\myweb\photo_gallery1.htm --> laura.nmr.org /usr/local/apache/htdocs photo_gallery1.htm
2001.06.20 12:30 B d:\NMRWeb\myweb\home.htm --> laura.nmr.org /usr/local/apache/htdocs home.htm
2001.06.20 12:30 B d:\NMRWeb\myweb\maginstall.htm --> laura.nmr.org /usr/local/apache/htdocs maginstall.htm
2001.06.20 12:40 B d:\NMRWeb\myweb\photo_gallery1.htm --> laura.nmr.org /usr/local/apache/htdocs photo_gallery1.htm
2001.06.20 12:40 B d:\NMRWeb\myweb\index.html --> laura.nmr.org /usr/local/apache/htdocs index.html
2001.06.20 12:40 B d:\NMRWeb\myweb\WS_FTP.LOG --> laura.nmr.org /usr/local/apache/htdocs WS_FTP.LOG
2001.06.20 12:40 B d:\NMRWeb\myweb\Magnet reinstall 2001.htm --> laura.nmr.org /usr/local/apache/htdocs Magnet reinstall 2001.htm
2001.06.20 12:55 B d:\NMRWeb\myweb\photo_gallery1.htm --> laura.nmr.org /usr/local/apache/htdocs photo_gallery1.htm
2001.06.20 12:55 B d:\NMRWeb\myweb\index.html --> laura.nmr.org /usr/local/apache/htdocs index.html
2001.06.20 12:55 B d:\NMRWeb\myweb\magreinstall1.jpg --> laura.nmr.org /usr/local/apache/htdocs magreinstall1.jpg
2001.06.20 16:59 B d:\NMRWeb\myweb\marcoandarvind2.jpg --> laura.nmr.org /usr/local/apache/htdocs marcoandarvind2.jpg
2001.06.20 16:59 B d:\NMRWeb\myweb\precisemeasurments.jpg --> laura.nmr.org /usr/local/apache/htdocs precisemeasurments.jpg
2001.06.20 16:59 B d:\NMRWeb\myweb\arminandmarco.jpg --> laura.nmr.org /usr/local/apache/htdocs arminandmarco.jpg
2001.06.20 16:59 B d:\NMRWeb\myweb\MarcoandDean.jpg --> laura.nmr.org /usr/local/apache/htdocs MarcoandDean.jpg
2001.06.20 16:59 B d:\NMRWeb\myweb\WS_FTP.LOG --> laura.nmr.org /usr/local/apache/htdocs WS_FTP.LOG
2001.06.20 16:59 B d:\NMRWeb\myweb\photo_gallery1.htm --> laura.nmr.org /usr/local/apache/htdocs photo_gallery1.htm
2001.06.20 16:59 B d:\NMRWeb\myweb\index.html --> laura.nmr.org /usr/local/apache/htdocs index.html
2001.06.20 16:59 B d:\NMRWeb\myweb\magreinstall1.jpg --> laura.nmr.org /usr/local/apache/htdocs magreinstall1.jpg
2001.06.20 17:00 B d:\NMRWeb\myweb\nmrpeople.htm --> laura.nmr.org /usr/local/apache/htdocs nmrpeople.htm
2001.06.20 17:04 B d:\NMRWeb\myweb\Magnet reinstall 2001.htm --> laura.nmr.org /usr/local/apache/htdocs Magnet reinstall 2001.htm
